<?xml version="1.0" encoding="UTF-8"?>
<robot generator="Robot 7.1 (Python 3.12.6 on win32)" generated="2024-11-21T14:37:19.996809" rpa="false" schemaversion="5">
<suite id="s1" name="Testes Frontend Robot" source="C:\Users\Iza Wicki\OneDrive\Documentos\Testes_Frontend_Robot">
<suite id="s1-s1" name="Tests" source="C:\Users\Iza Wicki\OneDrive\Documentos\Testes_Frontend_Robot\tests">
<suite id="s1-s1-s1" name="Cadastro Empresa" source="C:\Users\Iza Wicki\OneDrive\Documentos\Testes_Frontend_Robot\tests\cadastro_empresa">
<suite id="s1-s1-s1-s1" name="Acesso Tela Cadastro Empresa" source="C:\Users\Iza Wicki\OneDrive\Documentos\Testes_Frontend_Robot\tests\cadastro_empresa\acesso_tela_cadastro_empresa.robot">
<test id="s1-s1-s1-s1-t1" name="Fazer Login de usuario e acessar a tela de cadastro" line="10">
<kw name="Abrir o navegador e acessar página inicial" owner="acesso_tela_cadastro_empresa">
<kw name="Open Browser" owner="SeleniumLibrary">
<msg time="2024-11-21T14:37:21.598536" level="INFO">Opening browser 'chrome' to base url 'https://automacao.qacoders.dev.br/login'.</msg>
<arg>${urlBase}</arg>
<arg>browser=chrome</arg>
<doc>Opens a new browser instance to the optional ``url``.</doc>
<status status="PASS" start="2024-11-21T14:37:21.597538" elapsed="44.462850"/>
</kw>
<kw name="Maximize Browser Window" owner="SeleniumLibrary">
<doc>Maximizes current browser window.</doc>
<status status="PASS" start="2024-11-21T14:38:06.061387" elapsed="0.248333"/>
</kw>
<status status="PASS" start="2024-11-21T14:37:21.596541" elapsed="44.714177"/>
</kw>
<kw name="Realizar Login" owner="acesso_tela_cadastro_empresa">
<kw name="Input Text" owner="SeleniumLibrary">
<msg time="2024-11-21T14:38:06.312712" level="INFO">Typing text 'sysadmin@qacoders.com' into text field 'id=email'.</msg>
<arg>${EMAIL_LOGIN}</arg>
<arg>${EMAIL_VALIDO}</arg>
<doc>Types the given ``text`` into the text field identified by ``locator``.</doc>
<status status="PASS" start="2024-11-21T14:38:06.311716" elapsed="0.777053"/>
</kw>
<kw name="Wait Until Element Is Visible" owner="SeleniumLibrary">
<arg>${SENHA_LOGIN}</arg>
<doc>Waits until the element ``locator`` is visible.</doc>
<status status="PASS" start="2024-11-21T14:38:07.089764" elapsed="0.091755"/>
</kw>
<kw name="Input Password" owner="SeleniumLibrary">
<msg time="2024-11-21T14:38:07.183513" level="INFO">Typing password into text field 'id=password'.</msg>
<msg time="2024-11-21T14:38:07.380065" level="INFO">Temporally setting log level to: NONE</msg>
<arg>${SENHA_LOGIN}</arg>
<arg>${SENHA_VALIDA}</arg>
<doc>Types the given password into the text field identified by ``locator``.</doc>
<status status="PASS" start="2024-11-21T14:38:07.182516" elapsed="0.586053"/>
</kw>
<kw name="Wait Until Element Is Visible" owner="SeleniumLibrary">
<arg>${BOTAO_IMPUT}</arg>
<doc>Waits until the element ``locator`` is visible.</doc>
<status status="PASS" start="2024-11-21T14:38:07.769566" elapsed="0.104269"/>
</kw>
<kw name="Click Button" owner="SeleniumLibrary">
<msg time="2024-11-21T14:38:07.874831" level="INFO">Clicking button 'id=login'.</msg>
<arg>${BOTAO_IMPUT}</arg>
<doc>Clicks the button identified by ``locator``.</doc>
<status status="PASS" start="2024-11-21T14:38:07.873835" elapsed="0.320688"/>
</kw>
<status status="PASS" start="2024-11-21T14:38:06.310718" elapsed="1.884801"/>
</kw>
<kw name="Acessar Tela de Cadastro de Empresa" owner="acesso_tela_cadastro_empresa">
<kw name="Wait Until Element Is Visible" owner="SeleniumLibrary">
<msg time="2024-11-21T14:38:09.368714" level="INFO">Suppressing StaleElementReferenceException from Selenium.</msg>
<arg>${CADASTROS_BUTTON}</arg>
<arg>timeout=30s</arg>
<doc>Waits until the element ``locator`` is visible.</doc>
<status status="PASS" start="2024-11-21T14:38:08.229965" elapsed="1.436409"/>
</kw>
<kw name="Click Element" owner="SeleniumLibrary">
<msg time="2024-11-21T14:38:09.670373" level="INFO">Clicking element '//*[@id="Cadastros"]/span'.</msg>
<arg>${CADASTROS_BUTTON}</arg>
<doc>Click the element identified by ``locator``.</doc>
<status status="PASS" start="2024-11-21T14:38:09.669386" elapsed="0.608957"/>
</kw>
<kw name="Click Element" owner="SeleniumLibrary">
<msg time="2024-11-21T14:38:10.281343" level="INFO">Clicking element '//*[@id="Empresa"]/span'.</msg>
<arg>${COMPANY_BUTTON}</arg>
<doc>Click the element identified by ``locator``.</doc>
<status status="PASS" start="2024-11-21T14:38:10.279342" elapsed="0.953488"/>
</kw>
<kw name="Wait Until Element Is Visible" owner="SeleniumLibrary">
<arg>id=edit</arg>
<arg>timeout=10s</arg>
<doc>Waits until the element ``locator`` is visible.</doc>
<status status="PASS" start="2024-11-21T14:38:11.233387" elapsed="1.311571"/>
</kw>
<kw name="Click Element" owner="SeleniumLibrary">
<msg time="2024-11-21T14:38:12.545954" level="INFO">Clicking element 'id=edit'.</msg>
<arg>id=edit</arg>
<doc>Click the element identified by ``locator``.</doc>
<status status="PASS" start="2024-11-21T14:38:12.544958" elapsed="0.433157"/>
</kw>
<status status="PASS" start="2024-11-21T14:38:08.228960" elapsed="4.750154"/>
</kw>
<status status="PASS" start="2024-11-21T14:37:21.595547" elapsed="51.416586"/>
</test>
<status status="PASS" start="2024-11-21T14:37:20.242849" elapsed="53.163389"/>
</suite>
<suite id="s1-s1-s1-s2" name="Acesso Tela Cadastro Usuario" source="C:\Users\Iza Wicki\OneDrive\Documentos\Testes_Frontend_Robot\tests\cadastro_empresa\acesso_tela_cadastro_usuario.robot">
<test id="s1-s1-s1-s2-t1" name="Fazer Login de usuario e acessar a tela de cadastro" line="11">
<kw name="Abrir o navegador e acessar página inicial" owner="acesso_tela_cadastro_usuario">
<kw name="Open Browser" owner="SeleniumLibrary">
<msg time="2024-11-21T14:38:13.677230" level="INFO">Opening browser 'chrome' to base url 'None'.</msg>
<arg>browser=chrome</arg>
<doc>Opens a new browser instance to the optional ``url``.</doc>
<status status="PASS" start="2024-11-21T14:38:13.676233" elapsed="17.297803"/>
</kw>
<kw name="Maximize Browser Window" owner="SeleniumLibrary">
<doc>Maximizes current browser window.</doc>
<status status="PASS" start="2024-11-21T14:38:30.974995" elapsed="1.198967"/>
</kw>
<kw name="Go To" owner="SeleniumLibrary">
<msg time="2024-11-21T14:38:32.174957" level="INFO">Opening url 'https://automacao.qacoders.dev.br/login'</msg>
<arg>url=${urlBase}</arg>
<doc>Navigates the current browser window to the provided ``url``.</doc>
<status status="PASS" start="2024-11-21T14:38:32.174957" elapsed="5.303452"/>
</kw>
<status status="PASS" start="2024-11-21T14:38:13.675237" elapsed="23.804169"/>
</kw>
<kw name="Realizar Login" owner="acesso_tela_cadastro_usuario">
<kw name="Wait Until Element Is Visible" owner="SeleniumLibrary">
<arg>${EMAIL_LOGIN}</arg>
<doc>Waits until the element ``locator`` is visible.</doc>
<status status="PASS" start="2024-11-21T14:38:37.544406" elapsed="0.241082"/>
</kw>
<kw name="Input Text" owner="SeleniumLibrary">
<msg time="2024-11-21T14:38:37.786480" level="INFO">Typing text 'sysadmin@qacoders.com' into text field 'id=email'.</msg>
<arg>${EMAIL_LOGIN}</arg>
<arg>${EMAIL_VALIDO}</arg>
<doc>Types the given ``text`` into the text field identified by ``locator``.</doc>
<status status="PASS" start="2024-11-21T14:38:37.786480" elapsed="1.324837"/>
</kw>
<kw name="Wait Until Element Is Visible" owner="SeleniumLibrary">
<arg>${SENHA_LOGIN}</arg>
<doc>Waits until the element ``locator`` is visible.</doc>
<status status="PASS" start="2024-11-21T14:38:39.112316" elapsed="0.261987"/>
</kw>
<kw name="Input Password" owner="SeleniumLibrary">
<msg time="2024-11-21T14:38:39.375303" level="INFO">Typing password into text field 'id=password'.</msg>
<msg time="2024-11-21T14:38:39.670542" level="INFO">Temporally setting log level to: NONE</msg>
<arg>${SENHA_LOGIN}</arg>
<arg>${SENHA_VALIDA}</arg>
<doc>Types the given password into the text field identified by ``locator``.</doc>
<status status="PASS" start="2024-11-21T14:38:39.375303" elapsed="1.011825"/>
</kw>
<kw name="Wait Until Element Is Visible" owner="SeleniumLibrary">
<arg>${BOTAO_IMPUT}</arg>
<doc>Waits until the element ``locator`` is visible.</doc>
<status status="PASS" start="2024-11-21T14:38:40.388126" elapsed="0.087047"/>
</kw>
<kw name="Click Button" owner="SeleniumLibrary">
<msg time="2024-11-21T14:38:40.476171" level="INFO">Clicking button 'id=login'.</msg>
<arg>${BOTAO_IMPUT}</arg>
<doc>Clicks the button identified by ``locator``.</doc>
<status status="PASS" start="2024-11-21T14:38:40.476171" elapsed="1.018558"/>
</kw>
<status status="PASS" start="2024-11-21T14:38:37.543878" elapsed="3.950851"/>
</kw>
<kw name="Acessar Tela de Cadastro de Usuários" owner="acesso_tela_cadastro_usuario">
<kw name="Wait Until Element Is Visible" owner="SeleniumLibrary">
<msg time="2024-11-21T14:38:42.559077" level="INFO">Suppressing StaleElementReferenceException from Selenium.</msg>
<arg>${CADASTROS_BUTTON}</arg>
<arg>timeout=60</arg>
<doc>Waits until the element ``locator`` is visible.</doc>
<status status="PASS" start="2024-11-21T14:38:41.540607" elapsed="1.405928"/>
</kw>
<kw name="Sleep" owner="BuiltIn">
<msg time="2024-11-21T14:38:47.948039" level="INFO">Slept 5 seconds.</msg>
<arg>5</arg>
<doc>Pauses the test executed for the given time.</doc>
<status status="PASS" start="2024-11-21T14:38:42.946535" elapsed="5.001504"/>
</kw>
<kw name="Wait Until Element Is Enabled" owner="SeleniumLibrary">
<arg>${CADASTROS_BUTTON}</arg>
<arg>timeout=60</arg>
<doc>Waits until the element ``locator`` is enabled.</doc>
<status status="PASS" start="2024-11-21T14:38:47.948039" elapsed="0.356045"/>
</kw>
<kw name="Sleep" owner="BuiltIn">
<msg time="2024-11-21T14:38:53.305435" level="INFO">Slept 5 seconds.</msg>
<arg>5</arg>
<doc>Pauses the test executed for the given time.</doc>
<status status="PASS" start="2024-11-21T14:38:48.305083" elapsed="5.000352"/>
</kw>
<kw name="Click Element" owner="SeleniumLibrary">
<msg time="2024-11-21T14:38:53.305956" level="INFO">Clicking element '//*[@id="Cadastros"]/span'.</msg>
<arg>${CADASTROS_BUTTON}</arg>
<doc>Click the element identified by ``locator``.</doc>
<status status="PASS" start="2024-11-21T14:38:53.305956" elapsed="2.672822"/>
</kw>
<kw name="Wait Until Element Is Visible" owner="SeleniumLibrary">
<arg>${USUARIOS_BUTTON}</arg>
<doc>Waits until the element ``locator`` is visible.</doc>
<status status="PASS" start="2024-11-21T14:38:55.978778" elapsed="1.575207"/>
</kw>
<kw name="Click Element" owner="SeleniumLibrary">
<msg time="2024-11-21T14:38:57.554981" level="INFO">Clicking element '//*[@id="Usuários"]/span'.</msg>
<arg>${USUARIOS_BUTTON}</arg>
<doc>Click the element identified by ``locator``.</doc>
<status status="PASS" start="2024-11-21T14:38:57.553985" elapsed="2.050657"/>
</kw>
<kw name="Wait Until Element Is Visible" owner="SeleniumLibrary">
<arg>id=edit</arg>
<arg>timeout=30</arg>
<doc>Waits until the element ``locator`` is visible.</doc>
<status status="PASS" start="2024-11-21T14:38:59.604642" elapsed="1.544208"/>
</kw>
<kw name="Click Element" owner="SeleniumLibrary">
<msg time="2024-11-21T14:39:01.149846" level="INFO">Clicking element 'id=edit'.</msg>
<arg>id=edit</arg>
<doc>Click the element identified by ``locator``.</doc>
<status status="PASS" start="2024-11-21T14:39:01.148850" elapsed="2.156703"/>
</kw>
<status status="PASS" start="2024-11-21T14:38:41.528645" elapsed="21.777906"/>
</kw>
<status status="PASS" start="2024-11-21T14:38:13.656216" elapsed="49.717862"/>
</test>
<status status="PASS" start="2024-11-21T14:38:13.526209" elapsed="50.333313"/>
</suite>
<suite id="s1-s1-s1-s3" name="Edicao Dados Empresa" source="C:\Users\Iza Wicki\OneDrive\Documentos\Testes_Frontend_Robot\tests\cadastro_empresa\edicao_dados_empresa.robot">
<test id="s1-s1-s1-s3-t1" name="Editar company" line="12">
<kw name="Fazer Login de usuario e acessar a tela de cadastro" owner="acesso_tela_cadastro_empresa" type="SETUP">
<kw name="Abrir o navegador e acessar página inicial" owner="acesso_tela_cadastro_empresa">
<kw name="Open Browser" owner="SeleniumLibrary">
<msg time="2024-11-21T14:39:04.503610" level="INFO">Opening browser 'chrome' to base url 'https://automacao.qacoders.dev.br/login'.</msg>
<arg>${urlBase}</arg>
<arg>browser=chrome</arg>
<doc>Opens a new browser instance to the optional ``url``.</doc>
<status status="PASS" start="2024-11-21T14:39:04.502613" elapsed="14.658537"/>
</kw>
<kw name="Maximize Browser Window" owner="SeleniumLibrary">
<doc>Maximizes current browser window.</doc>
<status status="PASS" start="2024-11-21T14:39:19.162149" elapsed="0.217496"/>
</kw>
<status status="PASS" start="2024-11-21T14:39:04.455740" elapsed="14.923905"/>
</kw>
<kw name="Realizar Login" owner="acesso_tela_cadastro_empresa">
<kw name="Input Text" owner="SeleniumLibrary">
<msg time="2024-11-21T14:39:19.381629" level="INFO">Typing text 'sysadmin@qacoders.com' into text field 'id=email'.</msg>
<arg>${EMAIL_LOGIN}</arg>
<arg>${EMAIL_VALIDO}</arg>
<doc>Types the given ``text`` into the text field identified by ``locator``.</doc>
<status status="PASS" start="2024-11-21T14:39:19.380633" elapsed="1.328962"/>
</kw>
<kw name="Wait Until Element Is Visible" owner="SeleniumLibrary">
<arg>${SENHA_LOGIN}</arg>
<doc>Waits until the element ``locator`` is visible.</doc>
<status status="PASS" start="2024-11-21T14:39:20.710595" elapsed="0.057843"/>
</kw>
<kw name="Input Password" owner="SeleniumLibrary">
<msg time="2024-11-21T14:39:20.769436" level="INFO">Typing password into text field 'id=password'.</msg>
<msg time="2024-11-21T14:39:21.473118" level="INFO">Temporally setting log level to: NONE</msg>
<arg>${SENHA_LOGIN}</arg>
<arg>${SENHA_VALIDA}</arg>
<doc>Types the given password into the text field identified by ``locator``.</doc>
<status status="PASS" start="2024-11-21T14:39:20.768438" elapsed="2.221600"/>
</kw>
<kw name="Wait Until Element Is Visible" owner="SeleniumLibrary">
<arg>${BOTAO_IMPUT}</arg>
<doc>Waits until the element ``locator`` is visible.</doc>
<status status="PASS" start="2024-11-21T14:39:22.992034" elapsed="0.765840"/>
</kw>
<kw name="Click Button" owner="SeleniumLibrary">
<msg time="2024-11-21T14:39:23.758870" level="INFO">Clicking button 'id=login'.</msg>
<arg>${BOTAO_IMPUT}</arg>
<doc>Clicks the button identified by ``locator``.</doc>
<status status="PASS" start="2024-11-21T14:39:23.757874" elapsed="2.551155"/>
</kw>
<status status="PASS" start="2024-11-21T14:39:19.379645" elapsed="6.929384"/>
</kw>
<kw name="Acessar Tela de Cadastro de Empresa" owner="acesso_tela_cadastro_empresa">
<kw name="Wait Until Element Is Visible" owner="SeleniumLibrary">
<msg time="2024-11-21T14:39:27.838680" level="INFO">Suppressing StaleElementReferenceException from Selenium.</msg>
<arg>${CADASTROS_BUTTON}</arg>
<arg>timeout=30s</arg>
<doc>Waits until the element ``locator`` is visible.</doc>
<status status="PASS" start="2024-11-21T14:39:26.312020" elapsed="1.934135"/>
</kw>
<kw name="Click Element" owner="SeleniumLibrary">
<msg time="2024-11-21T14:39:28.250146" level="INFO">Clicking element '//*[@id="Cadastros"]/span'.</msg>
<arg>${CADASTROS_BUTTON}</arg>
<doc>Click the element identified by ``locator``.</doc>
<status status="PASS" start="2024-11-21T14:39:28.248165" elapsed="0.327307"/>
</kw>
<kw name="Click Element" owner="SeleniumLibrary">
<msg time="2024-11-21T14:39:28.577467" level="INFO">Clicking element '//*[@id="Empresa"]/span'.</msg>
<arg>${COMPANY_BUTTON}</arg>
<doc>Click the element identified by ``locator``.</doc>
<status status="PASS" start="2024-11-21T14:39:28.576468" elapsed="1.210083"/>
</kw>
<kw name="Wait Until Element Is Visible" owner="SeleniumLibrary">
<arg>id=edit</arg>
<arg>timeout=10s</arg>
<doc>Waits until the element ``locator`` is visible.</doc>
<status status="PASS" start="2024-11-21T14:39:29.787549" elapsed="0.696171"/>
</kw>
<kw name="Click Element" owner="SeleniumLibrary">
<msg time="2024-11-21T14:39:30.487711" level="INFO">Clicking element 'id=edit'.</msg>
<arg>id=edit</arg>
<doc>Click the element identified by ``locator``.</doc>
<status status="PASS" start="2024-11-21T14:39:30.485720" elapsed="0.575569"/>
</kw>
<status status="PASS" start="2024-11-21T14:39:26.310026" elapsed="4.751263"/>
</kw>
<status status="PASS" start="2024-11-21T14:39:04.454741" elapsed="26.607545"/>
</kw>
<kw name="Editar empresa com o campo &quot;CNPJ&quot; vazio." owner="Edicao_dados_empresa">
<kw name="Input Text" owner="SeleniumLibrary">
<msg time="2024-11-21T14:39:31.110158" level="INFO">Typing text 'Nome da Empresa Exemplo id=companyName' into text field 'id=fantasyName'.</msg>
<arg>id=fantasyName</arg>
<arg>${nome_empresa}</arg>
<doc>Types the given ``text`` into the text field identified by ``locator``.</doc>
<status status="PASS" start="2024-11-21T14:39:31.109159" elapsed="2.027555"/>
</kw>
<kw name="Input Text" owner="SeleniumLibrary">
<msg time="2024-11-21T14:39:33.137711" level="INFO">Typing text 'exemplo@empresa.com id=companyMail' into text field 'id=companyMail'.</msg>
<arg>id=companyMail</arg>
<arg>${email_empresa}</arg>
<doc>Types the given ``text`` into the text field identified by ``locator``.</doc>
<status status="PASS" start="2024-11-21T14:39:33.136714" elapsed="1.788728"/>
</kw>
<kw name="Clear Element Text" owner="SeleniumLibrary">
<arg>id=matriz</arg>
<doc>Clears the value of the text-input-element identified by ``locator``.</doc>
<status status="PASS" start="2024-11-21T14:39:34.927431" elapsed="0.362648"/>
</kw>
<kw name="Input Text" owner="SeleniumLibrary">
<msg time="2024-11-21T14:39:35.291081" level="INFO">Typing text '(11) 91234-5678 id=telephone' into text field 'id=telephone'.</msg>
<arg>id=telephone</arg>
<arg>${contato_responsavel}</arg>
<doc>Types the given ``text`` into the text field identified by ``locator``.</doc>
<status status="PASS" start="2024-11-21T14:39:35.290079" elapsed="0.717221"/>
</kw>
<kw name="Click Button" owner="SeleniumLibrary">
<msg time="2024-11-21T14:39:36.008297" level="INFO">Clicking button 'id=save'.</msg>
<arg>id=save</arg>
<doc>Clicks the button identified by ``locator``.</doc>
<status status="PASS" start="2024-11-21T14:39:36.007300" elapsed="0.603025"/>
</kw>
<status status="PASS" start="2024-11-21T14:39:31.107166" elapsed="5.503159"/>
</kw>
<kw name="Editar Empresa com Bairro Alfanumérico Inválido" owner="Edicao_dados_empresa">
<kw name="Input Text" owner="SeleniumLibrary">
<msg time="2024-11-21T14:39:36.627306" level="INFO">Typing text 'Nome da Empresa Exemplo id=companyName' into text field 'id=fantasyName'.</msg>
<arg>id=fantasyName</arg>
<arg>${nome_empresa}</arg>
<doc>Types the given ``text`` into the text field identified by ``locator``.</doc>
<status status="PASS" start="2024-11-21T14:39:36.627306" elapsed="2.009835"/>
</kw>
<kw name="Input Text" owner="SeleniumLibrary">
<msg time="2024-11-21T14:39:38.638136" level="INFO">Typing text 'exemplo@empresa.com id=companyMail' into text field 'id=companyMail'.</msg>
<arg>id=companyMail</arg>
<arg>${email_empresa}</arg>
<doc>Types the given ``text`` into the text field identified by ``locator``.</doc>
<status status="PASS" start="2024-11-21T14:39:38.637141" elapsed="1.205035"/>
</kw>
<kw name="Input Text" owner="SeleniumLibrary">
<msg time="2024-11-21T14:39:39.845167" level="INFO">Typing text '71.081.155/4949-88' into text field 'id=matriz'.</msg>
<arg>id=matriz</arg>
<arg>71.081.155/4949-88</arg>
<doc>Types the given ``text`` into the text field identified by ``locator``.</doc>
<status status="PASS" start="2024-11-21T14:39:39.844170" elapsed="1.613721"/>
</kw>
<kw name="Input Text" owner="SeleniumLibrary">
<msg time="2024-11-21T14:39:41.458889" level="INFO">Typing text '(11) 91234-5678 id=telephone' into text field 'id=telephone'.</msg>
<arg>id=telephone</arg>
<arg>${contato_responsavel}</arg>
<doc>Types the given ``text`` into the text field identified by ``locator``.</doc>
<status status="PASS" start="2024-11-21T14:39:41.458889" elapsed="18.463598"/>
</kw>
<kw name="Input Text" owner="SeleniumLibrary">
<msg time="2024-11-21T14:39:59.924492" level="INFO">Typing text 'Séggggggg115y8' into text field 'id=district'.</msg>
<arg>id=district</arg>
<arg>Séggggggg115y8</arg>
<doc>Types the given ``text`` into the text field identified by ``locator``.</doc>
<status status="PASS" start="2024-11-21T14:39:59.923487" elapsed="0.749564"/>
</kw>
<kw name="Click Button" owner="SeleniumLibrary">
<msg time="2024-11-21T14:40:00.674050" level="INFO">Clicking button 'id=save'.</msg>
<arg>id=save</arg>
<doc>Clicks the button identified by ``locator``.</doc>
<status status="PASS" start="2024-11-21T14:40:00.674050" elapsed="2.414613"/>
</kw>
<kw name="Wait Until Element Is Visible" owner="SeleniumLibrary">
<msg time="2024-11-21T14:40:03.523560" level="INFO">${erro_mensagem} = None</msg>
<var>${erro_mensagem}</var>
<arg>xpath=//div[contains(@class, 'MuiAlert')]</arg>
<arg>timeout=5s</arg>
<doc>Waits until the element ``locator`` is visible.</doc>
<status status="PASS" start="2024-11-21T14:40:03.089662" elapsed="0.433898"/>
</kw>
<kw name="Get Text" owner="SeleniumLibrary">
<msg time="2024-11-21T14:40:03.579411" level="INFO">${texto_erro} = O campo 'Nome da empresa' é obrigatório.O campo 'Email' é obrigatório.O campo 'CNPJ' da empresa é obrigatório.O campo 'Contado do Responsável' é obrigatório.O campo 'Telefone' deve conter somente núme...</msg>
<var>${texto_erro}</var>
<arg>xpath=//div[contains(@class, 'MuiAlert')]</arg>
<doc>Returns the text value of the element identified by ``locator``.</doc>
<status status="PASS" start="2024-11-21T14:40:03.523560" elapsed="0.055851"/>
</kw>
<kw name="Set Variable" owner="BuiltIn">
<msg time="2024-11-21T14:40:03.580408" level="INFO">${mensagem_erro_esperada} = O campo 'Nome da empresa' é obrigatório. O campo 'Email' é obrigatório. O campo 'CNPJ' da empresa é obrigatório. O campo 'Contado do Responsável' é obrigatório.</msg>
<var>${mensagem_erro_esperada}</var>
<arg>O campo 'Nome da empresa' é obrigatório. O campo 'Email' é obrigatório. O campo 'CNPJ' da empresa é obrigatório. O campo 'Contado do Responsável' é obrigatório.</arg>
<doc>Returns the given values which can then be assigned to a variables.</doc>
<status status="PASS" start="2024-11-21T14:40:03.579411" elapsed="0.000997"/>
</kw>
<doc>Testa a edição da empresa com o campo Bairro</doc>
<status status="PASS" start="2024-11-21T14:39:36.625308" elapsed="26.955100"/>
</kw>
<kw name="Editar empresa com o campo &quot;Telefone&quot; com caracteres inválidos (alfanuméricos e especiais)." owner="Edicao_dados_empresa">
<kw name="Input Text" owner="SeleniumLibrary">
<msg time="2024-11-21T14:40:03.678659" level="INFO">Typing text 'Nome da Empresa Exemplo id=companyName' into text field 'id=fantasyName'.</msg>
<arg>id=fantasyName</arg>
<arg>${nome_empresa}</arg>
<doc>Types the given ``text`` into the text field identified by ``locator``.</doc>
<status status="PASS" start="2024-11-21T14:40:03.678659" elapsed="4.208382"/>
</kw>
<kw name="Input Text" owner="SeleniumLibrary">
<msg time="2024-11-21T14:40:07.888038" level="INFO">Typing text 'exemplo@empresa.com id=companyMail' into text field 'id=companyMail'.</msg>
<arg>id=companyMail</arg>
<arg>${email_empresa}</arg>
<doc>Types the given ``text`` into the text field identified by ``locator``.</doc>
<status status="PASS" start="2024-11-21T14:40:07.888038" elapsed="2.547868"/>
</kw>
<kw name="Input Text" owner="SeleniumLibrary">
<msg time="2024-11-21T14:40:10.436904" level="INFO">Typing text '71.081.155/4949-88' into text field 'id=matriz'.</msg>
<arg>id=matriz</arg>
<arg>71.081.155/4949-88</arg>
<doc>Types the given ``text`` into the text field identified by ``locator``.</doc>
<status status="PASS" start="2024-11-21T14:40:10.436904" elapsed="1.649280"/>
</kw>
<kw name="Input Text" owner="SeleniumLibrary">
<msg time="2024-11-21T14:40:12.087179" level="INFO">Typing text '55çjgrsdxxxxxxdddddddddddddddddddsaa4we543d4@' into text field 'id=telephone'.</msg>
<arg>id=telephone</arg>
<arg>55çjgrsdxxxxxxdddddddddddddddddddsaa4we543d4@</arg>
<doc>Types the given ``text`` into the text field identified by ``locator``.</doc>
<status status="PASS" start="2024-11-21T14:40:12.087179" elapsed="3.003056"/>
</kw>
<kw name="Input Text" owner="SeleniumLibrary">
<msg time="2024-11-21T14:40:15.092229" level="INFO">Typing text 'Lagoa' into text field 'id=district'.</msg>
<arg>id=district</arg>
<arg>Lagoa</arg>
<doc>Types the given ``text`` into the text field identified by ``locator``.</doc>
<status status="PASS" start="2024-11-21T14:40:15.091233" elapsed="1.224429"/>
</kw>
<kw name="Click Button" owner="SeleniumLibrary">
<msg time="2024-11-21T14:40:16.317656" level="INFO">Clicking button 'id=save'.</msg>
<arg>id=save</arg>
<doc>Clicks the button identified by ``locator``.</doc>
<status status="PASS" start="2024-11-21T14:40:16.316658" elapsed="1.407532"/>
</kw>
<kw name="Wait Until Element Is Visible" owner="SeleniumLibrary">
<msg time="2024-11-21T14:40:19.380783" level="INFO">${erro_mensagem} = None</msg>
<var>${erro_mensagem}</var>
<arg>xpath=//div[contains(@class, 'MuiAlert')]</arg>
<arg>timeout=5s</arg>
<doc>Waits until the element ``locator`` is visible.</doc>
<status status="PASS" start="2024-11-21T14:40:17.725178" elapsed="1.655605"/>
</kw>
<kw name="Get Text" owner="SeleniumLibrary">
<msg time="2024-11-21T14:40:19.500502" level="INFO">${texto_erro} = O campo 'Nome da empresa' é obrigatório.O campo 'Email' é obrigatório.O campo 'CNPJ' da empresa é obrigatório.O campo 'Contado do Responsável' é obrigatório.O campo 'Telefone' deve conter somente núme...</msg>
<var>${texto_erro}</var>
<arg>xpath=//div[contains(@class, 'MuiAlert')]</arg>
<doc>Returns the text value of the element identified by ``locator``.</doc>
<status status="PASS" start="2024-11-21T14:40:19.381782" elapsed="0.118720"/>
</kw>
<kw name="Set Variable" owner="BuiltIn">
<msg time="2024-11-21T14:40:19.501497" level="INFO">${mensagem_erro_esperada} = O campo 'Nome da empresa' é obrigatório. O campo 'Email' é obrigatório. O campo 'CNPJ' da empresa é obrigatório. O campo 'Contado do Responsável' é obrigatório.</msg>
<var>${mensagem_erro_esperada}</var>
<arg>O campo 'Nome da empresa' é obrigatório. O campo 'Email' é obrigatório. O campo 'CNPJ' da empresa é obrigatório. O campo 'Contado do Responsável' é obrigatório.</arg>
<doc>Returns the given values which can then be assigned to a variables.</doc>
<status status="PASS" start="2024-11-21T14:40:19.501497" elapsed="0.000000"/>
</kw>
<doc>Testa a edição da empresa com o campo Telefone</doc>
<status status="PASS" start="2024-11-21T14:40:03.677662" elapsed="15.823835"/>
</kw>
<status status="PASS" start="2024-11-21T14:39:04.383931" elapsed="75.119562"/>
</test>
<status status="PASS" start="2024-11-21T14:39:04.175515" elapsed="75.331019"/>
</suite>
<status status="PASS" start="2024-11-21T14:37:20.179859" elapsed="179.334214"/>
</suite>
<suite id="s1-s1-s2" name="Email" source="C:\Users\Iza Wicki\OneDrive\Documentos\Testes_Frontend_Robot\tests\email">
<suite id="s1-s1-s2-s1" name="Edicao Email" source="C:\Users\Iza Wicki\OneDrive\Documentos\Testes_Frontend_Robot\tests\email\edicao_email.robot">
<test id="s1-s1-s2-s1-t1" name="Cenario de Teste: Editar Email" line="16">
<kw name="Fazer Login de usuario e acessar a tela de cadastro" owner="acesso_tela_cadastro_usuario" type="SETUP">
<kw name="Abrir o navegador e acessar página inicial" owner="acesso_tela_cadastro_usuario">
<kw name="Open Browser" owner="SeleniumLibrary">
<msg time="2024-11-21T14:40:19.913912" level="INFO">Opening browser 'chrome' to base url 'None'.</msg>
<arg>browser=chrome</arg>
<doc>Opens a new browser instance to the optional ``url``.</doc>
<status status="PASS" start="2024-11-21T14:40:19.913912" elapsed="12.869632"/>
</kw>
<kw name="Maximize Browser Window" owner="SeleniumLibrary">
<doc>Maximizes current browser window.</doc>
<status status="PASS" start="2024-11-21T14:40:32.784541" elapsed="0.504275"/>
</kw>
<kw name="Go To" owner="SeleniumLibrary">
<msg time="2024-11-21T14:40:33.289812" level="INFO">Opening url 'https://automacao.qacoders.dev.br/login'</msg>
<arg>url=${urlBase}</arg>
<doc>Navigates the current browser window to the provided ``url``.</doc>
<status status="PASS" start="2024-11-21T14:40:33.288816" elapsed="2.669435"/>
</kw>
<status status="PASS" start="2024-11-21T14:40:19.912914" elapsed="16.046350"/>
</kw>
<kw name="Realizar Login" owner="acesso_tela_cadastro_usuario">
<kw name="Wait Until Element Is Visible" owner="SeleniumLibrary">
<arg>${EMAIL_LOGIN}</arg>
<doc>Waits until the element ``locator`` is visible.</doc>
<status status="PASS" start="2024-11-21T14:40:35.961245" elapsed="1.689473"/>
</kw>
<kw name="Input Text" owner="SeleniumLibrary">
<msg time="2024-11-21T14:40:37.652716" level="INFO">Typing text 'sysadmin@qacoders.com' into text field 'id=email'.</msg>
<arg>${EMAIL_LOGIN}</arg>
<arg>${EMAIL_VALIDO}</arg>
<doc>Types the given ``text`` into the text field identified by ``locator``.</doc>
<status status="PASS" start="2024-11-21T14:40:37.651714" elapsed="4.470645"/>
</kw>
<kw name="Wait Until Element Is Visible" owner="SeleniumLibrary">
<arg>${SENHA_LOGIN}</arg>
<doc>Waits until the element ``locator`` is visible.</doc>
<status status="PASS" start="2024-11-21T14:40:42.123356" elapsed="0.363193"/>
</kw>
<kw name="Input Password" owner="SeleniumLibrary">
<msg time="2024-11-21T14:40:42.487546" level="INFO">Typing password into text field 'id=password'.</msg>
<msg time="2024-11-21T14:40:43.454385" level="INFO">Temporally setting log level to: NONE</msg>
<arg>${SENHA_LOGIN}</arg>
<arg>${SENHA_VALIDA}</arg>
<doc>Types the given password into the text field identified by ``locator``.</doc>
<status status="PASS" start="2024-11-21T14:40:42.486549" elapsed="2.452534"/>
</kw>
<kw name="Wait Until Element Is Visible" owner="SeleniumLibrary">
<arg>${BOTAO_IMPUT}</arg>
<doc>Waits until the element ``locator`` is visible.</doc>
<status status="PASS" start="2024-11-21T14:40:44.939083" elapsed="0.318023"/>
</kw>
<kw name="Click Button" owner="SeleniumLibrary">
<msg time="2024-11-21T14:40:45.258105" level="INFO">Clicking button 'id=login'.</msg>
<arg>${BOTAO_IMPUT}</arg>
<doc>Clicks the button identified by ``locator``.</doc>
<status status="PASS" start="2024-11-21T14:40:45.258105" elapsed="1.207279"/>
</kw>
<status status="PASS" start="2024-11-21T14:40:35.960251" elapsed="10.505133"/>
</kw>
<kw name="Acessar Tela de Cadastro de Usuários" owner="acesso_tela_cadastro_usuario">
<kw name="Wait Until Element Is Visible" owner="SeleniumLibrary">
<msg time="2024-11-21T14:40:48.005021" level="INFO">Suppressing StaleElementReferenceException from Selenium.</msg>
<arg>${CADASTROS_BUTTON}</arg>
<arg>timeout=60</arg>
<doc>Waits until the element ``locator`` is visible.</doc>
<status status="PASS" start="2024-11-21T14:40:46.466383" elapsed="2.102898"/>
</kw>
<kw name="Sleep" owner="BuiltIn">
<msg time="2024-11-21T14:40:53.570693" level="INFO">Slept 5 seconds.</msg>
<arg>5</arg>
<doc>Pauses the test executed for the given time.</doc>
<status status="PASS" start="2024-11-21T14:40:48.570278" elapsed="5.000415"/>
</kw>
<kw name="Wait Until Element Is Enabled" owner="SeleniumLibrary">
<arg>${CADASTROS_BUTTON}</arg>
<arg>timeout=60</arg>
<doc>Waits until the element ``locator`` is enabled.</doc>
<status status="PASS" start="2024-11-21T14:40:53.570693" elapsed="0.263294"/>
</kw>
<kw name="Sleep" owner="BuiltIn">
<msg time="2024-11-21T14:40:58.835358" level="INFO">Slept 5 seconds.</msg>
<arg>5</arg>
<doc>Pauses the test executed for the given time.</doc>
<status status="PASS" start="2024-11-21T14:40:53.834985" elapsed="5.000373"/>
</kw>
<kw name="Click Element" owner="SeleniumLibrary">
<msg time="2024-11-21T14:40:58.835876" level="INFO">Clicking element '//*[@id="Cadastros"]/span'.</msg>
<arg>${CADASTROS_BUTTON}</arg>
<doc>Click the element identified by ``locator``.</doc>
<status status="PASS" start="2024-11-21T14:40:58.835876" elapsed="3.168432"/>
</kw>
<kw name="Wait Until Element Is Visible" owner="SeleniumLibrary">
<arg>${USUARIOS_BUTTON}</arg>
<doc>Waits until the element ``locator`` is visible.</doc>
<status status="PASS" start="2024-11-21T14:41:02.005307" elapsed="0.177528"/>
</kw>
<kw name="Click Element" owner="SeleniumLibrary">
<msg time="2024-11-21T14:41:02.183829" level="INFO">Clicking element '//*[@id="Usuários"]/span'.</msg>
<arg>${USUARIOS_BUTTON}</arg>
<doc>Click the element identified by ``locator``.</doc>
<status status="PASS" start="2024-11-21T14:41:02.182835" elapsed="0.738561"/>
</kw>
<kw name="Wait Until Element Is Visible" owner="SeleniumLibrary">
<arg>id=edit</arg>
<arg>timeout=30</arg>
<doc>Waits until the element ``locator`` is visible.</doc>
<status status="PASS" start="2024-11-21T14:41:02.921396" elapsed="1.966559"/>
</kw>
<kw name="Click Element" owner="SeleniumLibrary">
<msg time="2024-11-21T14:41:04.888952" level="INFO">Clicking element 'id=edit'.</msg>
<arg>id=edit</arg>
<doc>Click the element identified by ``locator``.</doc>
<status status="PASS" start="2024-11-21T14:41:04.887955" elapsed="1.345746"/>
</kw>
<status status="PASS" start="2024-11-21T14:40:46.466383" elapsed="19.768316"/>
</kw>
<status status="PASS" start="2024-11-21T14:40:19.906933" elapsed="46.327766"/>
</kw>
<kw name="Editar E-mail Vazio" owner="edicao_email">
<kw name="Wait Until Element Is Visible" owner="SeleniumLibrary">
<arg>locator=id=mail</arg>
<arg>timeout=60</arg>
<doc>Waits until the element ``locator`` is visible.</doc>
<status status="PASS" start="2024-11-21T14:41:06.250684" elapsed="0.535167"/>
</kw>
<kw name="Input Text" owner="SeleniumLibrary">
<msg time="2024-11-21T14:41:06.786849" level="INFO">Typing text ' ''' into text field 'id=mail'.</msg>
<arg>locator=id=mail</arg>
<arg>text= ''</arg>
<doc>Types the given ``text`` into the text field identified by ``locator``.</doc>
<status status="PASS" start="2024-11-21T14:41:06.786849" elapsed="1.333201"/>
</kw>
<kw name="Input Text" owner="SeleniumLibrary">
<msg time="2024-11-21T14:41:08.121049" level="INFO">Typing text ' 'AAAAAAAAAAAAAAAAAAAAAAAAA'' into text field 'id=fullName'.</msg>
<arg>locator=id=fullName</arg>
<arg>text= 'AAAAAAAAAAAAAAAAAAAAAAAAA'</arg>
<doc>Types the given ``text`` into the text field identified by ``locator``.</doc>
<status status="PASS" start="2024-11-21T14:41:08.121049" elapsed="1.023017"/>
</kw>
<kw name="Input Text" owner="SeleniumLibrary">
<msg time="2024-11-21T14:41:09.145063" level="INFO">Typing text ' 'admin.blacklist001@qacoders.com'' into text field 'id=mail'.</msg>
<arg>locator=id=mail</arg>
<arg>text= 'admin.blacklist001@qacoders.com'</arg>
<doc>Types the given ``text`` into the text field identified by ``locator``.</doc>
<status status="PASS" start="2024-11-21T14:41:09.145063" elapsed="0.657343"/>
</kw>
<kw name="Click Button" owner="SeleniumLibrary">
<msg time="2024-11-21T14:41:09.803403" level="INFO">Clicking button 'id=save'.</msg>
<arg>locator=${SAVE_BUTTON}</arg>
<doc>Clicks the button identified by ``locator``.</doc>
<status status="PASS" start="2024-11-21T14:41:09.803403" elapsed="0.441392"/>
</kw>
<doc>Verifica se a mensagem de erro "O campo email é obrigatório" aparece ao tentar salvar o formulário com o e-mail vazio</doc>
<status status="PASS" start="2024-11-21T14:41:06.249687" elapsed="3.996111"/>
</kw>
<kw name="Editar E-mail Inválido sem domínio" owner="edicao_email">
<kw name="Wait Until Element Is Visible" owner="SeleniumLibrary">
<arg>locator=${FULL_NAME_FIELD}</arg>
<arg>timeout=30s</arg>
<doc>Waits until the element ``locator`` is visible.</doc>
<status status="PASS" start="2024-11-21T14:41:10.266729" elapsed="0.106713"/>
</kw>
<kw name="Input Text" owner="SeleniumLibrary">
<msg time="2024-11-21T14:41:10.375437" level="INFO">Typing text ' 'sysadmin@'' into text field 'id=mail'.</msg>
<arg>locator=${EMAIL_FIELD}</arg>
<arg>text= 'sysadmin@'</arg>
<doc>Types the given ``text`` into the text field identified by ``locator``.</doc>
<status status="PASS" start="2024-11-21T14:41:10.374448" elapsed="0.561548"/>
</kw>
<kw name="Click Button" owner="SeleniumLibrary">
<msg time="2024-11-21T14:41:10.936993" level="INFO">Clicking button 'id=save'.</msg>
<arg>locator=${SAVE_BUTTON}</arg>
<doc>Clicks the button identified by ``locator``.</doc>
<status status="PASS" start="2024-11-21T14:41:10.935996" elapsed="0.499778"/>
</kw>
<kw name="Wait Until Element Is Visible" owner="SeleniumLibrary">
<arg>xpath=//p[contains(text(), 'Email inválido')]</arg>
<arg>timeout=30s</arg>
<doc>Waits until the element ``locator`` is visible.</doc>
<status status="PASS" start="2024-11-21T14:41:11.435774" elapsed="0.126180"/>
</kw>
<kw name="Get Text" owner="SeleniumLibrary">
<msg time="2024-11-21T14:41:11.662681" level="INFO">${error_message} = Email inválido</msg>
<var>${error_message}</var>
<arg>xpath=//p[contains(text(), 'Email inválido')]</arg>
<doc>Returns the text value of the element identified by ``locator``.</doc>
<status status="PASS" start="2024-11-21T14:41:11.561954" elapsed="0.100727"/>
</kw>
<kw name="Log" owner="BuiltIn">
<msg time="2024-11-21T14:41:11.663678" level="INFO">Mensagem de erro capturada: Email inválido</msg>
<arg>Mensagem de erro capturada: ${error_message}</arg>
<doc>Logs the given message with the given level.</doc>
<status status="PASS" start="2024-11-21T14:41:11.663678" elapsed="0.000000"/>
</kw>
<kw name="Should Be Equal As Strings" owner="BuiltIn">
<arg>${error_message}</arg>
<arg>Email inválido</arg>
<doc>Fails if objects are unequal after converting them to strings.</doc>
<status status="PASS" start="2024-11-21T14:41:11.664675" elapsed="0.000000"/>
</kw>
<doc>Verifica se uma mensagem de erro aparece ao tentar submeter um e-mail sem dominio</doc>
<status status="PASS" start="2024-11-21T14:41:10.264746" elapsed="1.400928"/>
</kw>
<kw name="Editar E-mail Com Espaços" owner="edicao_email">
<kw name="Wait Until Element Is Visible" owner="SeleniumLibrary">
<arg>locator=${FULL_NAME_FIELD}</arg>
<arg>timeout=30s</arg>
<doc>Waits until the element ``locator`` is visible.</doc>
<status status="PASS" start="2024-11-21T14:41:11.669661" elapsed="0.044912"/>
</kw>
<kw name="Input Text" owner="SeleniumLibrary">
<msg time="2024-11-21T14:41:11.715573" level="INFO">Typing text ' 'sysadmintestetd hvsvsd'' into text field 'id=mail'.</msg>
<arg>locator=${EMAIL_FIELD }</arg>
<arg>text= 'sysadmintestetd hvsvsd'</arg>
<doc>Types the given ``text`` into the text field identified by ``locator``.</doc>
<status status="PASS" start="2024-11-21T14:41:11.715573" elapsed="0.680131"/>
</kw>
<kw name="Click Button" owner="SeleniumLibrary">
<msg time="2024-11-21T14:41:12.397690" level="INFO">Clicking button 'id=save'.</msg>
<arg>locator=${SAVE_BUTTON}</arg>
<doc>Clicks the button identified by ``locator``.</doc>
<status status="PASS" start="2024-11-21T14:41:12.396701" elapsed="0.552479"/>
</kw>
<kw name="Wait Until Element Is Visible" owner="SeleniumLibrary">
<arg>xpath=//p[contains(text(), 'Email inválido')]</arg>
<arg>timeout=30s</arg>
<doc>Waits until the element ``locator`` is visible.</doc>
<status status="PASS" start="2024-11-21T14:41:12.949180" elapsed="0.184005"/>
</kw>
<kw name="Get Text" owner="SeleniumLibrary">
<msg time="2024-11-21T14:41:13.273230" level="INFO">${error_message} = Email inválido</msg>
<var>${error_message}</var>
<arg>xpath=//p[contains(text(), 'Email inválido')]</arg>
<doc>Returns the text value of the element identified by ``locator``.</doc>
<status status="PASS" start="2024-11-21T14:41:13.134165" elapsed="0.139065"/>
</kw>
<kw name="Log" owner="BuiltIn">
<msg time="2024-11-21T14:41:13.275235" level="INFO">Mensagem de erro capturada: Email inválido</msg>
<arg>Mensagem de erro capturada: ${error_message}</arg>
<doc>Logs the given message with the given level.</doc>
<status status="PASS" start="2024-11-21T14:41:13.274232" elapsed="0.001003"/>
</kw>
<kw name="Should Be Equal As Strings" owner="BuiltIn">
<arg>${error_message}</arg>
<arg>Email inválido</arg>
<doc>Fails if objects are unequal after converting them to strings.</doc>
<status status="PASS" start="2024-11-21T14:41:13.277229" elapsed="0.000991"/>
</kw>
<doc>Verifica se uma mensagem de erro aparece ao tentar submeter um e-mail com espaços</doc>
<status status="PASS" start="2024-11-21T14:41:11.668665" elapsed="1.609555"/>
</kw>
<kw name="Editar E-mail Válido" owner="edicao_email">
<kw name="Wait Until Element Is Visible" owner="SeleniumLibrary">
<arg>locator=${FULL_NAME_FIELD}</arg>
<arg>timeout=30s</arg>
<doc>Waits until the element ``locator`` is visible.</doc>
<status status="PASS" start="2024-11-21T14:41:13.302265" elapsed="0.119998"/>
</kw>
<kw name="Input Text" owner="SeleniumLibrary">
<msg time="2024-11-21T14:41:13.425244" level="INFO">Typing text ' ' sysadmin@qacoders.com'' into text field 'id=mail'.</msg>
<arg>locator=${EMAIL_FIELD}</arg>
<arg>text= ' sysadmin@qacoders.com'</arg>
<doc>Types the given ``text`` into the text field identified by ``locator``.</doc>
<status status="PASS" start="2024-11-21T14:41:13.423251" elapsed="1.061484"/>
</kw>
<kw name="Click Button" owner="SeleniumLibrary">
<msg time="2024-11-21T14:41:14.485735" level="INFO">Clicking button 'id=save'.</msg>
<arg>locator=${SAVE_BUTTON}</arg>
<doc>Clicks the button identified by ``locator``.</doc>
<status status="PASS" start="2024-11-21T14:41:14.484735" elapsed="0.544978"/>
</kw>
<kw name="Close Browser" owner="SeleniumLibrary">
<doc>Closes the current browser.</doc>
<status status="PASS" start="2024-11-21T14:41:15.030710" elapsed="13.689921"/>
</kw>
<doc>Verifica se o sistema aceita um e-mail válido ao editar</doc>
<status status="PASS" start="2024-11-21T14:41:13.301263" elapsed="15.419368"/>
</kw>
<status status="PASS" start="2024-11-21T14:40:19.857074" elapsed="68.867598"/>
</test>
<status status="PASS" start="2024-11-21T14:40:19.682018" elapsed="69.047638"/>
</suite>
<suite id="s1-s1-s2-s2" name="Editar Email Com Espacos" source="C:\Users\Iza Wicki\OneDrive\Documentos\Testes_Frontend_Robot\tests\email\editar_email_com_espacos.robot">
<test id="s1-s1-s2-s2-t1" name="Cenario de teste: Editar campo &quot;E-mail&quot; contendo espaços" line="10">
<kw name="Passo 1 - Acessar a pagina de login" owner="editar_email_com_espacos">
<kw name="Open Browser" owner="SeleniumLibrary">
<msg time="2024-11-21T14:41:28.793717" level="INFO">Opening browser 'chrome' to base url 'None'.</msg>
<arg>browser=chrome</arg>
<doc>Opens a new browser instance to the optional ``url``.</doc>
<status status="PASS" start="2024-11-21T14:41:28.792751" elapsed="6.893256"/>
</kw>
<kw name="Maximize Browser Window" owner="SeleniumLibrary">
<doc>Maximizes current browser window.</doc>
<status status="PASS" start="2024-11-21T14:41:35.688002" elapsed="0.234073"/>
</kw>
<kw name="Go To" owner="SeleniumLibrary">
<msg time="2024-11-21T14:41:35.923080" level="INFO">Opening url 'https://automacao.qacoders.dev.br/'</msg>
<arg>url=${urlBase}</arg>
<doc>Navigates the current browser window to the provided ``url``.</doc>
<status status="PASS" start="2024-11-21T14:41:35.922075" elapsed="2.879862"/>
</kw>
<status status="PASS" start="2024-11-21T14:41:28.786621" elapsed="10.016313"/>
</kw>
<kw name="Passo 2 - Digitar um e-mail válido" owner="editar_email_com_espacos">
<kw name="Wait Until Element Is Visible" owner="SeleniumLibrary">
<arg>locator=${emailInput}</arg>
<doc>Waits until the element ``locator`` is visible.</doc>
<status status="PASS" start="2024-11-21T14:41:38.804930" elapsed="0.726197"/>
</kw>
<kw name="Input Text" owner="SeleniumLibrary">
<msg time="2024-11-21T14:41:39.532124" level="INFO">Typing text 'sysadmin@qacoders.com' into text field 'id=email'.</msg>
<arg>locator=${emailInput}</arg>
<arg>text=${emailValido}</arg>
<doc>Types the given ``text`` into the text field identified by ``locator``.</doc>
<status status="PASS" start="2024-11-21T14:41:39.531127" elapsed="1.517921"/>
</kw>
<kw name="Sleep" owner="BuiltIn">
<msg time="2024-11-21T14:41:47.050433" level="INFO">Slept 6 seconds.</msg>
<arg>6</arg>
<doc>Pauses the test executed for the given time.</doc>
<status status="PASS" start="2024-11-21T14:41:41.050038" elapsed="6.001391"/>
</kw>
<status status="PASS" start="2024-11-21T14:41:38.803931" elapsed="8.247498"/>
</kw>
<kw name="Passo 3 - Digitar uma senha valida" owner="editar_email_com_espacos">
<kw name="Wait Until Element Is Visible" owner="SeleniumLibrary">
<arg>locator=${senhaInput}</arg>
<doc>Waits until the element ``locator`` is visible.</doc>
<status status="PASS" start="2024-11-21T14:41:47.066907" elapsed="0.432843"/>
</kw>
<kw name="Input Password" owner="SeleniumLibrary">
<msg time="2024-11-21T14:41:47.500746" level="INFO">Typing password into text field 'id=password'.</msg>
<msg time="2024-11-21T14:41:48.072869" level="INFO">Temporally setting log level to: NONE</msg>
<arg>locator=${senhaInput}</arg>
<arg>password=${senhaValida}</arg>
<doc>Types the given password into the text field identified by ``locator``.</doc>
<status status="PASS" start="2024-11-21T14:41:47.499750" elapsed="1.372179"/>
</kw>
<kw name="Sleep" owner="BuiltIn">
<msg time="2024-11-21T14:41:53.873394" level="INFO">Slept 5 seconds.</msg>
<arg>5</arg>
<doc>Pauses the test executed for the given time.</doc>
<status status="PASS" start="2024-11-21T14:41:48.872924" elapsed="5.002426"/>
</kw>
<status status="PASS" start="2024-11-21T14:41:47.066907" elapsed="6.809434"/>
</kw>
<kw name="Passo 4 - clicar no botao entrar" owner="editar_email_com_espacos">
<kw name="Wait Until Element Is Visible" owner="SeleniumLibrary">
<arg>locator=${botaoInput}</arg>
<doc>Waits until the element ``locator`` is visible.</doc>
<status status="PASS" start="2024-11-21T14:41:53.931192" elapsed="0.199482"/>
</kw>
<kw name="Click Button" owner="SeleniumLibrary">
<msg time="2024-11-21T14:41:54.131658" level="INFO">Clicking button 'id=login'.</msg>
<arg>locator=${botaoInput}</arg>
<doc>Clicks the button identified by ``locator``.</doc>
<status status="PASS" start="2024-11-21T14:41:54.131658" elapsed="0.370975"/>
</kw>
<kw name="Sleep" owner="BuiltIn">
<msg time="2024-11-21T14:41:59.503917" level="INFO">Slept 5 seconds.</msg>
<arg>5</arg>
<doc>Pauses the test executed for the given time.</doc>
<status status="PASS" start="2024-11-21T14:41:54.502633" elapsed="5.001284"/>
</kw>
<status status="PASS" start="2024-11-21T14:41:53.930197" elapsed="5.574718"/>
</kw>
<kw name="Passo 5 - Acessar Tela de Cadastro de Usuários" owner="editar_email_com_espacos">
<kw name="Wait Until Element Is Visible" owner="SeleniumLibrary">
<arg>${CADASTROS_BUTTON}</arg>
<arg>timeout=60s</arg>
<doc>Waits until the element ``locator`` is visible.</doc>
<status status="PASS" start="2024-11-21T14:41:59.510898" elapsed="0.098735"/>
</kw>
<kw name="Click Element" owner="SeleniumLibrary">
<msg time="2024-11-21T14:41:59.609633" level="INFO">Clicking element '//*[@id="Cadastros"]/span'.</msg>
<arg>${CADASTROS_BUTTON}</arg>
<doc>Click the element identified by ``locator``.</doc>
<status status="PASS" start="2024-11-21T14:41:59.609633" elapsed="0.341087"/>
</kw>
<kw name="Click Element" owner="SeleniumLibrary">
<msg time="2024-11-21T14:41:59.953715" level="INFO">Clicking element '//*[@id="Usuários"]/span'.</msg>
<arg>${USUARIOS_BUTTON}</arg>
<doc>Click the element identified by ``locator``.</doc>
<status status="PASS" start="2024-11-21T14:41:59.951725" elapsed="0.445348"/>
</kw>
<kw name="Wait Until Element Is Visible" owner="SeleniumLibrary">
<arg>id=edit</arg>
<arg>timeout=30</arg>
<doc>Waits until the element ``locator`` is visible.</doc>
<status status="PASS" start="2024-11-21T14:42:00.397073" elapsed="0.734037"/>
</kw>
<kw name="Click Element" owner="SeleniumLibrary">
<msg time="2024-11-21T14:42:01.132106" level="INFO">Clicking element 'id=edit'.</msg>
<arg>id=edit</arg>
<doc>Click the element identified by ``locator``.</doc>
<status status="PASS" start="2024-11-21T14:42:01.132106" elapsed="0.354862"/>
</kw>
<status status="PASS" start="2024-11-21T14:41:59.509901" elapsed="1.977067"/>
</kw>
<kw name=" Passo 6 - Editar Nome e preencher o email com espaços" owner="editar_email_com_espacos">
<kw name="Input Text" owner="SeleniumLibrary">
<msg time="2024-11-21T14:42:01.516002" level="INFO">Typing text 'Nome Completo Cadastrado' into text field 'id=fullName'.</msg>
<arg>${FULL_NAME_FIELD}</arg>
<arg>${NEW_FULL_NAME}</arg>
<doc>Types the given ``text`` into the text field identified by ``locator``.</doc>
<status status="PASS" start="2024-11-21T14:42:01.516002" elapsed="0.955358"/>
</kw>
<kw name="Input Text" owner="SeleniumLibrary">
<msg time="2024-11-21T14:42:02.473354" level="INFO">Typing text 'teste email@example.com' into text field 'id=mail'.</msg>
<arg>${EMAIL_FIELD}</arg>
<arg>${EMAIL_COM_ESPACOS}</arg>
<doc>Types the given ``text`` into the text field identified by ``locator``.</doc>
<status status="PASS" start="2024-11-21T14:42:02.471360" elapsed="0.673929"/>
</kw>
<status status="PASS" start="2024-11-21T14:42:01.515003" elapsed="1.630286"/>
</kw>
<kw name="Passo 7 - Clicar no Botão Salvar Alterações" owner="editar_email_com_espacos">
<kw name="Click Button" owner="SeleniumLibrary">
<msg time="2024-11-21T14:42:03.155426" level="INFO">Clicking button 'id=save'.</msg>
<arg>${SAVE_BUTTON}</arg>
<doc>Clicks the button identified by ``locator``.</doc>
<status status="PASS" start="2024-11-21T14:42:03.151278" elapsed="0.347850"/>
</kw>
<status status="PASS" start="2024-11-21T14:42:03.147304" elapsed="0.351824"/>
</kw>
<kw name="Passo 8 - Verificar Mensagem de Erro de Email Inválido" owner="editar_email_com_espacos">
<kw name="Wait Until Element Is Visible" owner="SeleniumLibrary">
<arg>${MENSAGEM_ERRO_EMAIL}</arg>
<arg>timeout=30s</arg>
<doc>Waits until the element ``locator`` is visible.</doc>
<status status="PASS" start="2024-11-21T14:42:03.502122" elapsed="0.079059"/>
</kw>
<kw name="Element Text Should Be" owner="SeleniumLibrary">
<msg time="2024-11-21T14:42:03.584181" level="INFO">Verifying element 'xpath=//p[@class='css-bbipig' and contains(text(), 'Email inválido')]' contains exact text 'Email inválido'.</msg>
<arg>${MENSAGEM_ERRO_EMAIL}</arg>
<arg>Email inválido</arg>
<doc>Verifies that element ``locator`` contains exact the text ``expected``.</doc>
<status status="PASS" start="2024-11-21T14:42:03.582184" elapsed="0.078891"/>
</kw>
<status status="PASS" start="2024-11-21T14:42:03.501121" elapsed="0.160944"/>
</kw>
<kw name="Fechar o navegador" owner="editar_email_com_espacos" type="TEARDOWN">
<kw name="Close Browser" owner="SeleniumLibrary">
<doc>Closes the current browser.</doc>
<status status="PASS" start="2024-11-21T14:42:03.664058" elapsed="5.803653"/>
</kw>
<status status="PASS" start="2024-11-21T14:42:03.663061" elapsed="5.804650"/>
</kw>
<status status="PASS" start="2024-11-21T14:41:28.784627" elapsed="40.692060"/>
</test>
<status status="PASS" start="2024-11-21T14:41:28.732648" elapsed="40.748029"/>
</suite>
<suite id="s1-s1-s2-s3" name="Editar Email Com Formato .Com.Br" source="C:\Users\Iza Wicki\OneDrive\Documentos\Testes_Frontend_Robot\tests\email\editar_email_com_formato_.com.br.robot">
<test id="s1-s1-s2-s3-t1" name="Cenario de teste: Editar campo &quot;E-mail&quot; com formato .com.br" line="8">
<kw name="Abrir o navegador" owner="editar_email_com_formato_.com.br" type="SETUP">
<kw name="Open Browser" owner="SeleniumLibrary">
<msg time="2024-11-21T14:42:09.523709" level="INFO">Opening browser 'chrome' to base url 'None'.</msg>
<arg>browser=chrome</arg>
<doc>Opens a new browser instance to the optional ``url``.</doc>
<status status="PASS" start="2024-11-21T14:42:09.523709" elapsed="7.809295"/>
</kw>
<kw name="Maximize Browser Window" owner="SeleniumLibrary">
<doc>Maximizes current browser window.</doc>
<status status="PASS" start="2024-11-21T14:42:17.334001" elapsed="0.416919"/>
</kw>
<status status="PASS" start="2024-11-21T14:42:09.521667" elapsed="8.231418"/>
</kw>
<kw name="Passo 1 - Acessar a pagina de login" owner="editar_email_com_formato_.com.br">
<kw name="Open Browser" owner="SeleniumLibrary">
<msg time="2024-11-21T14:42:17.766988" level="INFO">Opening browser 'chrome' to base url 'None'.</msg>
<arg>browser=chrome</arg>
<doc>Opens a new browser instance to the optional ``url``.</doc>
<status status="PASS" start="2024-11-21T14:42:17.765992" elapsed="9.308502"/>
</kw>
<kw name="Maximize Browser Window" owner="SeleniumLibrary">
<doc>Maximizes current browser window.</doc>
<status status="PASS" start="2024-11-21T14:42:27.074494" elapsed="0.369606"/>
</kw>
<kw name="Go To" owner="SeleniumLibrary">
<msg time="2024-11-21T14:42:27.445097" level="INFO">Opening url 'https://automacao.qacoders.dev.br/'</msg>
<arg>url=${urlBase}</arg>
<doc>Navigates the current browser window to the provided ``url``.</doc>
<status status="PASS" start="2024-11-21T14:42:27.445097" elapsed="2.388380"/>
</kw>
<status status="PASS" start="2024-11-21T14:42:17.765992" elapsed="12.069467"/>
</kw>
<kw name="Passo 2 - Digitar um e-mail válido" owner="editar_email_com_formato_.com.br">
<kw name="Wait Until Element Is Visible" owner="SeleniumLibrary">
<arg>locator=${emailInput}</arg>
<doc>Waits until the element ``locator`` is visible.</doc>
<status status="PASS" start="2024-11-21T14:42:29.862386" elapsed="2.332354"/>
</kw>
<kw name="Input Text" owner="SeleniumLibrary">
<msg time="2024-11-21T14:42:32.196740" level="INFO">Typing text 'sysadmin@qacoders.com' into text field 'id=email'.</msg>
<arg>locator=${emailInput}</arg>
<arg>text=${emailValido}</arg>
<doc>Types the given ``text`` into the text field identified by ``locator``.</doc>
<status status="PASS" start="2024-11-21T14:42:32.194740" elapsed="4.766222"/>
</kw>
<status status="PASS" start="2024-11-21T14:42:29.861390" elapsed="7.099572"/>
</kw>
<kw name="Passo 3 - Digitar uma senha valida" owner="editar_email_com_formato_.com.br">
<kw name="Wait Until Element Is Visible" owner="SeleniumLibrary">
<arg>locator=${senhaInput}</arg>
<doc>Waits until the element ``locator`` is visible.</doc>
<status status="PASS" start="2024-11-21T14:42:36.997864" elapsed="0.631933"/>
</kw>
<kw name="Input Password" owner="SeleniumLibrary">
<msg time="2024-11-21T14:42:37.630801" level="INFO">Typing password into text field 'id=password'.</msg>
<msg time="2024-11-21T14:42:38.111196" level="INFO">Temporally setting log level to: NONE</msg>
<arg>locator=${senhaInput}</arg>
<arg>password=${senhaValida}</arg>
<doc>Types the given password into the text field identified by ``locator``.</doc>
<status status="PASS" start="2024-11-21T14:42:37.629797" elapsed="2.444098"/>
</kw>
<status status="PASS" start="2024-11-21T14:42:36.996866" elapsed="3.077029"/>
</kw>
<kw name="Passo 4 - clicar no botao entrar" owner="editar_email_com_formato_.com.br">
<kw name="Wait Until Element Is Visible" owner="SeleniumLibrary">
<arg>locator=${botaoInput}</arg>
<doc>Waits until the element ``locator`` is visible.</doc>
<status status="PASS" start="2024-11-21T14:42:40.128742" elapsed="0.902251"/>
</kw>
<kw name="Click Button" owner="SeleniumLibrary">
<msg time="2024-11-21T14:42:41.031989" level="INFO">Clicking button 'id=login'.</msg>
<arg>locator=${botaoInput}</arg>
<doc>Clicks the button identified by ``locator``.</doc>
<status status="PASS" start="2024-11-21T14:42:41.030993" elapsed="3.968138"/>
</kw>
<kw name="Sleep" owner="BuiltIn">
<msg time="2024-11-21T14:42:50.000255" level="INFO">Slept 5 seconds.</msg>
<arg>5</arg>
<doc>Pauses the test executed for the given time.</doc>
<status status="PASS" start="2024-11-21T14:42:44.999131" elapsed="5.001124"/>
</kw>
<status status="PASS" start="2024-11-21T14:42:40.127743" elapsed="9.880010"/>
</kw>
<kw name="Passo 5 - Acessar Tela de Cadastro de Usuários" owner="editar_email_com_formato_.com.br">
<kw name="Wait Until Element Is Visible" owner="SeleniumLibrary">
<arg>${CADASTROS_BUTTON}</arg>
<arg>timeout= 60s</arg>
<doc>Waits until the element ``locator`` is visible.</doc>
<status status="PASS" start="2024-11-21T14:42:50.130046" elapsed="0.417412"/>
</kw>
<kw name="Click Element" owner="SeleniumLibrary">
<msg time="2024-11-21T14:42:50.548455" level="INFO">Clicking element '//*[@id="Cadastros"]/span'.</msg>
<arg>${CADASTROS_BUTTON}</arg>
<doc>Click the element identified by ``locator``.</doc>
<status status="PASS" start="2024-11-21T14:42:50.547458" elapsed="0.359568"/>
</kw>
<kw name="Click Element" owner="SeleniumLibrary">
<msg time="2024-11-21T14:42:50.908016" level="INFO">Clicking element '//*[@id="Usuários"]/span'.</msg>
<arg>${USUARIOS_BUTTON}</arg>
<doc>Click the element identified by ``locator``.</doc>
<status status="PASS" start="2024-11-21T14:42:50.908016" elapsed="1.021853"/>
</kw>
<kw name="Wait Until Element Is Visible" owner="SeleniumLibrary">
<arg>id=edit</arg>
<arg>timeout=30</arg>
<doc>Waits until the element ``locator`` is visible.</doc>
<status status="PASS" start="2024-11-21T14:42:51.929869" elapsed="0.804925"/>
</kw>
<kw name="Click Element" owner="SeleniumLibrary">
<msg time="2024-11-21T14:42:52.735790" level="INFO">Clicking element 'id=edit'.</msg>
<arg>id=edit</arg>
<doc>Click the element identified by ``locator``.</doc>
<status status="PASS" start="2024-11-21T14:42:52.734794" elapsed="0.991990"/>
</kw>
<status status="PASS" start="2024-11-21T14:42:50.130046" elapsed="3.597740"/>
</kw>
<kw name="Passo 6 - Editar Nome e preencher o email com formato .com.br" owner="editar_email_com_formato_.com.br">
<kw name="Input Text" owner="SeleniumLibrary">
<msg time="2024-11-21T14:42:53.733762" level="INFO">Typing text 'Nome Completo Cadastrado' into text field 'id=fullName'.</msg>
<arg>${FULL_NAME_FIELD}</arg>
<arg>${NEW_FULL_NAME}</arg>
<doc>Types the given ``text`` into the text field identified by ``locator``.</doc>
<status status="PASS" start="2024-11-21T14:42:53.732763" elapsed="1.979899"/>
</kw>
<kw name="Input Text" owner="SeleniumLibrary">
<msg time="2024-11-21T14:42:55.713659" level="INFO">Typing text 'usuario@email.com.br' into text field 'id=mail'.</msg>
<arg>${EMAIL_FIELD}</arg>
<arg>${EMAIL_FORMATO_BR}</arg>
<doc>Types the given ``text`` into the text field identified by ``locator``.</doc>
<status status="PASS" start="2024-11-21T14:42:55.713659" elapsed="1.463471"/>
</kw>
<status status="PASS" start="2024-11-21T14:42:53.731768" elapsed="3.445362"/>
</kw>
<kw name="Passo 7 - Clicar no Botão Salvar Alterações" owner="editar_email_com_formato_.com.br">
<kw name="Click Button" owner="SeleniumLibrary">
<msg time="2024-11-21T14:42:57.186100" level="INFO">Clicking button 'id=save'.</msg>
<arg>${SAVE_BUTTON}</arg>
<doc>Clicks the button identified by ``locator``.</doc>
<status status="PASS" start="2024-11-21T14:42:57.186100" elapsed="0.522061"/>
</kw>
<status status="PASS" start="2024-11-21T14:42:57.185097" elapsed="0.524061"/>
</kw>
<kw name="Fechar o navegador" owner="editar_email_com_formato_.com.br" type="TEARDOWN">
<kw name="Close Browser" owner="SeleniumLibrary">
<doc>Closes the current browser.</doc>
<status status="PASS" start="2024-11-21T14:42:57.715140" elapsed="19.108129"/>
</kw>
<status status="PASS" start="2024-11-21T14:42:57.714143" elapsed="19.110113"/>
</kw>
<status status="PASS" start="2024-11-21T14:42:09.517674" elapsed="67.325531"/>
</test>
<status status="PASS" start="2024-11-21T14:42:09.484716" elapsed="67.380430"/>
</suite>
<suite id="s1-s1-s2-s4" name="Editar Email Sem @" source="C:\Users\Iza Wicki\OneDrive\Documentos\Testes_Frontend_Robot\tests\email\editar_email_sem_@.robot">
<test id="s1-s1-s2-s4-t1" name="Cenario de teste: Editar Nome e preencher o email sem @" line="8">
<kw name="Abrir o navegador" owner="editar_email_sem_@" type="SETUP">
<kw name="Open Browser" owner="SeleniumLibrary">
<msg time="2024-11-21T14:43:17.081115" level="INFO">Opening browser 'chrome' to base url 'None'.</msg>
<arg>browser=chrome</arg>
<doc>Opens a new browser instance to the optional ``url``.</doc>
<status status="PASS" start="2024-11-21T14:43:17.081115" elapsed="8.658860"/>
</kw>
<kw name="Maximize Browser Window" owner="SeleniumLibrary">
<doc>Maximizes current browser window.</doc>
<status status="PASS" start="2024-11-21T14:43:25.739975" elapsed="0.726963"/>
</kw>
<status status="PASS" start="2024-11-21T14:43:17.024266" elapsed="9.442672"/>
</kw>
<kw name="Passo 1 - Acessar a pagina de login" owner="editar_email_sem_@">
<kw name="Open Browser" owner="SeleniumLibrary">
<msg time="2024-11-21T14:43:26.475957" level="INFO">Opening browser 'chrome' to base url 'None'.</msg>
<arg>browser=chrome</arg>
<doc>Opens a new browser instance to the optional ``url``.</doc>
<status status="PASS" start="2024-11-21T14:43:26.475957" elapsed="28.300443"/>
</kw>
<kw name="Maximize Browser Window" owner="SeleniumLibrary">
<doc>Maximizes current browser window.</doc>
<status status="PASS" start="2024-11-21T14:43:54.776400" elapsed="0.865226"/>
</kw>
<kw name="Go To" owner="SeleniumLibrary">
<msg time="2024-11-21T14:43:55.642614" level="INFO">Opening url 'https://automacao.qacoders.dev.br/'</msg>
<arg>url=${urlBase}</arg>
<doc>Navigates the current browser window to the provided ``url``.</doc>
<status status="PASS" start="2024-11-21T14:43:55.642614" elapsed="2.946211"/>
</kw>
<status status="PASS" start="2024-11-21T14:43:26.474960" elapsed="32.113865"/>
</kw>
<kw name="Passo 2 - Digitar um e-mail válido" owner="editar_email_sem_@">
<kw name="Wait Until Element Is Visible" owner="SeleniumLibrary">
<arg>locator=${emailInput}</arg>
<doc>Waits until the element ``locator`` is visible.</doc>
<status status="PASS" start="2024-11-21T14:43:58.607772" elapsed="0.920709"/>
</kw>
<kw name="Input Text" owner="SeleniumLibrary">
<msg time="2024-11-21T14:43:59.529480" level="INFO">Typing text 'sysadmin@qacoders.com' into text field 'id=email'.</msg>
<arg>locator=${emailInput}</arg>
<arg>text=${emailValido}</arg>
<doc>Types the given ``text`` into the text field identified by ``locator``.</doc>
<status status="PASS" start="2024-11-21T14:43:59.529480" elapsed="1.212832"/>
</kw>
<status status="PASS" start="2024-11-21T14:43:58.607772" elapsed="2.134540"/>
</kw>
<kw name="Passo 3 - Digitar uma senha valida" owner="editar_email_sem_@">
<kw name="Wait Until Element Is Visible" owner="SeleniumLibrary">
<arg>locator=${senhaInput}</arg>
<doc>Waits until the element ``locator`` is visible.</doc>
<status status="PASS" start="2024-11-21T14:44:00.760395" elapsed="0.113418"/>
</kw>
<kw name="Input Password" owner="SeleniumLibrary">
<msg time="2024-11-21T14:44:00.874810" level="INFO">Typing password into text field 'id=password'.</msg>
<msg time="2024-11-21T14:44:00.975541" level="INFO">Temporally setting log level to: NONE</msg>
<arg>locator=${senhaInput}</arg>
<arg>password=${senhaValida}</arg>
<doc>Types the given password into the text field identified by ``locator``.</doc>
<status status="PASS" start="2024-11-21T14:44:00.873813" elapsed="0.351549"/>
</kw>
<status status="PASS" start="2024-11-21T14:44:00.759398" elapsed="0.465964"/>
</kw>
<kw name="Passo 4 - clicar no botao entrar" owner="editar_email_sem_@">
<kw name="Wait Until Element Is Visible" owner="SeleniumLibrary">
<arg>locator=${botaoInput}</arg>
<doc>Waits until the element ``locator`` is visible.</doc>
<status status="PASS" start="2024-11-21T14:44:01.244366" elapsed="0.095072"/>
</kw>
<kw name="Click Button" owner="SeleniumLibrary">
<msg time="2024-11-21T14:44:01.340434" level="INFO">Clicking button 'id=login'.</msg>
<arg>locator=${botaoInput}</arg>
<doc>Clicks the button identified by ``locator``.</doc>
<status status="PASS" start="2024-11-21T14:44:01.340434" elapsed="0.536293"/>
</kw>
<kw name="Sleep" owner="BuiltIn">
<msg time="2024-11-21T14:44:06.877860" level="INFO">Slept 5 seconds.</msg>
<arg>5</arg>
<doc>Pauses the test executed for the given time.</doc>
<status status="PASS" start="2024-11-21T14:44:01.876727" elapsed="5.002136"/>
</kw>
<status status="PASS" start="2024-11-21T14:44:01.242366" elapsed="5.637492"/>
</kw>
<kw name="Passo 5 - Acessar Tela de Cadastro de Usuários" owner="editar_email_sem_@">
<kw name="Wait Until Element Is Visible" owner="SeleniumLibrary">
<arg>${CADASTROS_BUTTON}</arg>
<arg>timeout= 60s</arg>
<doc>Waits until the element ``locator`` is visible.</doc>
<status status="PASS" start="2024-11-21T14:44:06.908772" elapsed="0.728250"/>
</kw>
<kw name="Click Element" owner="SeleniumLibrary">
<msg time="2024-11-21T14:44:07.637022" level="INFO">Clicking element '//*[@id="Cadastros"]/span'.</msg>
<arg>${CADASTROS_BUTTON}</arg>
<doc>Click the element identified by ``locator``.</doc>
<status status="PASS" start="2024-11-21T14:44:07.637022" elapsed="1.657580"/>
</kw>
<kw name="Click Element" owner="SeleniumLibrary">
<msg time="2024-11-21T14:44:09.295601" level="INFO">Clicking element '//*[@id="Usuários"]/span'.</msg>
<arg>${USUARIOS_BUTTON}</arg>
<doc>Click the element identified by ``locator``.</doc>
<status status="PASS" start="2024-11-21T14:44:09.295601" elapsed="0.924642"/>
</kw>
<kw name="Wait Until Element Is Visible" owner="SeleniumLibrary">
<arg>id=edit</arg>
<arg>timeout=30</arg>
<doc>Waits until the element ``locator`` is visible.</doc>
<status status="PASS" start="2024-11-21T14:44:10.220243" elapsed="1.406752"/>
</kw>
<kw name="Click Element" owner="SeleniumLibrary">
<msg time="2024-11-21T14:44:11.627990" level="INFO">Clicking element 'id=edit'.</msg>
<arg>id=edit</arg>
<doc>Click the element identified by ``locator``.</doc>
<status status="PASS" start="2024-11-21T14:44:11.626995" elapsed="3.398834"/>
</kw>
<status status="PASS" start="2024-11-21T14:44:06.907771" elapsed="8.118058"/>
</kw>
<kw name="Passo 6 - Editar Nome e preencher o email sem @" owner="editar_email_sem_@">
<kw name="Input Text" owner="SeleniumLibrary">
<msg time="2024-11-21T14:44:15.056787" level="INFO">Typing text 'Nome Completo Cadastrado' into text field 'id=fullName'.</msg>
<arg>${FULL_NAME_FIELD}</arg>
<arg>${NEW_FULL_NAME}</arg>
<doc>Types the given ``text`` into the text field identified by ``locator``.</doc>
<status status="PASS" start="2024-11-21T14:44:15.055790" elapsed="0.731768"/>
</kw>
<kw name="Input Text" owner="SeleniumLibrary">
<msg time="2024-11-21T14:44:15.788553" level="INFO">Typing text 'sysadmintestetdshvsvsdvsdqacoders.com' into text field 'id=mail'.</msg>
<arg>${EMAIL_FIELD}</arg>
<arg>${EMAIL_FORMATO_INVALIDO}</arg>
<doc>Types the given ``text`` into the text field identified by ``locator``.</doc>
<status status="PASS" start="2024-11-21T14:44:15.787558" elapsed="0.638856"/>
</kw>
<status status="PASS" start="2024-11-21T14:44:15.054790" elapsed="1.372621"/>
</kw>
<kw name="Passo 7 - Clicar no Botão Salvar Alterações" owner="editar_email_sem_@">
<kw name="Click Button" owner="SeleniumLibrary">
<msg time="2024-11-21T14:44:16.431391" level="INFO">Clicking button 'id=save'.</msg>
<arg>${SAVE_BUTTON}</arg>
<doc>Clicks the button identified by ``locator``.</doc>
<status status="PASS" start="2024-11-21T14:44:16.430393" elapsed="1.972189"/>
</kw>
<status status="PASS" start="2024-11-21T14:44:16.429394" elapsed="1.974186"/>
</kw>
<kw name="Passo 8 - Verificar Mensagem de Erro de Email Inválido" owner="editar_email_sem_@">
<kw name="Wait Until Element Is Visible" owner="SeleniumLibrary">
<arg>${MENSAGEM_ERRO_EMAIL}</arg>
<arg>timeout=30s</arg>
<doc>Waits until the element ``locator`` is visible.</doc>
<status status="PASS" start="2024-11-21T14:44:18.431637" elapsed="0.244677"/>
</kw>
<kw name="Element Text Should Be" owner="SeleniumLibrary">
<msg time="2024-11-21T14:44:18.677310" level="INFO">Verifying element 'xpath=//p[@class='css-bbipig' and contains(text(), 'Email inválido')]' contains exact text 'Email inválido'.</msg>
<arg>${MENSAGEM_ERRO_EMAIL}</arg>
<arg>Email inválido</arg>
<doc>Verifies that element ``locator`` contains exact the text ``expected``.</doc>
<status status="PASS" start="2024-11-21T14:44:18.677310" elapsed="0.192486"/>
</kw>
<status status="PASS" start="2024-11-21T14:44:18.430639" elapsed="0.439157"/>
</kw>
<kw name="Fechar o navegador" owner="editar_email_sem_@" type="TEARDOWN">
<kw name="Close Browser" owner="SeleniumLibrary">
<doc>Closes the current browser.</doc>
<status status="PASS" start="2024-11-21T14:44:18.894731" elapsed="19.488860"/>
</kw>
<status status="PASS" start="2024-11-21T14:44:18.893732" elapsed="19.489859"/>
</kw>
<status status="PASS" start="2024-11-21T14:43:17.023270" elapsed="81.363330"/>
</test>
<status status="PASS" start="2024-11-21T14:43:16.980385" elapsed="81.411183"/>
</suite>
<status status="PASS" start="2024-11-21T14:40:19.516586" elapsed="258.878972"/>
</suite>
<suite id="s1-s1-s3" name="Login" source="C:\Users\Iza Wicki\OneDrive\Documentos\Testes_Frontend_Robot\tests\login">
<suite id="s1-s1-s3-s1" name="Login Campo Senha E Email Validos" source="C:\Users\Iza Wicki\OneDrive\Documentos\Testes_Frontend_Robot\tests\login\login_campo_senha_e_email_validos.robot">
<test id="s1-s1-s3-s1-t1" name="Cenario de teste: login de usuario perfil de adm com sucesso" line="9">
<kw name="Abrir o navegador" owner="login_campo_senha_e_email_validos" type="SETUP">
<kw name="Open Browser" owner="SeleniumLibrary">
<msg time="2024-11-21T14:44:38.559139" level="INFO">Opening browser 'chrome' to base url 'None'.</msg>
<arg>browser=chrome</arg>
<doc>Opens a new browser instance to the optional ``url``.</doc>
<status status="PASS" start="2024-11-21T14:44:38.559139" elapsed="6.590834"/>
</kw>
<kw name="Maximize Browser Window" owner="SeleniumLibrary">
<doc>Maximizes current browser window.</doc>
<status status="PASS" start="2024-11-21T14:44:45.150980" elapsed="0.899921"/>
</kw>
<status status="PASS" start="2024-11-21T14:44:38.477340" elapsed="7.573561"/>
</kw>
<kw name="Passo 1 - Acessar a pagina de login" owner="login_campo_senha_e_email_validos">
<kw name="Open Browser" owner="SeleniumLibrary">
<msg time="2024-11-21T14:44:46.073899" level="INFO">Opening browser 'chrome' to base url 'None'.</msg>
<arg>browser=chrome</arg>
<doc>Opens a new browser instance to the optional ``url``.</doc>
<status status="PASS" start="2024-11-21T14:44:46.073370" elapsed="22.319873"/>
</kw>
<kw name="Maximize Browser Window" owner="SeleniumLibrary">
<doc>Maximizes current browser window.</doc>
<status status="PASS" start="2024-11-21T14:45:08.393243" elapsed="0.288468"/>
</kw>
<kw name="Go To" owner="SeleniumLibrary">
<msg time="2024-11-21T14:45:08.682256" level="INFO">Opening url 'https://automacao.qacoders.dev.br/'</msg>
<arg>url=${urlBase}</arg>
<doc>Navigates the current browser window to the provided ``url``.</doc>
<status status="PASS" start="2024-11-21T14:45:08.682256" elapsed="3.003394"/>
</kw>
<status status="PASS" start="2024-11-21T14:44:46.072843" elapsed="25.612807"/>
</kw>
<kw name="Passo 2 - Digitar um e-mail válido" owner="login_campo_senha_e_email_validos">
<kw name="Wait Until Element Is Visible" owner="SeleniumLibrary">
<arg>locator=${emailInput}</arg>
<doc>Waits until the element ``locator`` is visible.</doc>
<status status="PASS" start="2024-11-21T14:45:11.883450" elapsed="1.224571"/>
</kw>
<kw name="Input Text" owner="SeleniumLibrary">
<msg time="2024-11-21T14:45:13.109019" level="INFO">Typing text 'sysadmin@qacoders.com' into text field 'id=email'.</msg>
<arg>locator=${emailInput}</arg>
<arg>text=${emailValido}</arg>
<doc>Types the given ``text`` into the text field identified by ``locator``.</doc>
<status status="PASS" start="2024-11-21T14:45:13.108021" elapsed="1.368056"/>
</kw>
<status status="PASS" start="2024-11-21T14:45:11.882452" elapsed="2.594621"/>
</kw>
<kw name="Passo 3 - digitar uma senha valida" owner="login_campo_senha_e_email_validos">
<kw name="Wait Until Element Is Visible" owner="SeleniumLibrary">
<arg>locator=${senhaInput}</arg>
<doc>Waits until the element ``locator`` is visible.</doc>
<status status="PASS" start="2024-11-21T14:45:14.493085" elapsed="0.197978"/>
</kw>
<kw name="Input Password" owner="SeleniumLibrary">
<msg time="2024-11-21T14:45:14.693109" level="INFO">Typing password into text field 'id=password'.</msg>
<msg time="2024-11-21T14:45:14.788585" level="INFO">Temporally setting log level to: NONE</msg>
<arg>locator=${senhaInput}</arg>
<arg>password=${senhaValida}</arg>
<doc>Types the given password into the text field identified by ``locator``.</doc>
<status status="PASS" start="2024-11-21T14:45:14.692056" elapsed="0.631050"/>
</kw>
<status status="PASS" start="2024-11-21T14:45:14.492555" elapsed="0.830551"/>
</kw>
<kw name="Passo 4 - clicar no botao entrar" owner="login_campo_senha_e_email_validos">
<kw name="Wait Until Element Is Visible" owner="SeleniumLibrary">
<arg>locator=${botaoInput}</arg>
<doc>Waits until the element ``locator`` is visible.</doc>
<status status="PASS" start="2024-11-21T14:45:15.356133" elapsed="0.097143"/>
</kw>
<kw name="Click Button" owner="SeleniumLibrary">
<msg time="2024-11-21T14:45:15.454212" level="INFO">Clicking button 'id=login'.</msg>
<arg>locator=${botaoInput}</arg>
<doc>Clicks the button identified by ``locator``.</doc>
<status status="PASS" start="2024-11-21T14:45:15.454212" elapsed="1.949714"/>
</kw>
<kw name="Sleep" owner="BuiltIn">
<msg time="2024-11-21T14:45:22.405462" level="INFO">Slept 5 seconds.</msg>
<arg>5</arg>
<doc>Pauses the test executed for the given time.</doc>
<status status="PASS" start="2024-11-21T14:45:17.404914" elapsed="5.000548"/>
</kw>
<status status="PASS" start="2024-11-21T14:45:15.356133" elapsed="7.049329"/>
</kw>
<kw name="Passo 5 -verificar se realmente entrou no sistema" owner="login_campo_senha_e_email_validos">
<kw name="Wait Until Page Contains" owner="SeleniumLibrary">
<arg>text=Logout</arg>
<doc>Waits until ``text`` appears on the current page.</doc>
<status status="PASS" start="2024-11-21T14:45:22.421419" elapsed="0.234380"/>
</kw>
<kw name="Sleep" owner="BuiltIn">
<msg time="2024-11-21T14:45:27.658384" level="INFO">Slept 5 seconds.</msg>
<arg>5</arg>
<doc>Pauses the test executed for the given time.</doc>
<status status="PASS" start="2024-11-21T14:45:22.656793" elapsed="5.001591"/>
</kw>
<status status="PASS" start="2024-11-21T14:45:22.420423" elapsed="5.238947"/>
</kw>
<kw name="Fechar o navegador" owner="login_campo_senha_e_email_validos" type="TEARDOWN">
<kw name="Close Browser" owner="SeleniumLibrary">
<doc>Closes the current browser.</doc>
<status status="PASS" start="2024-11-21T14:45:27.886760" elapsed="16.102488"/>
</kw>
<status status="PASS" start="2024-11-21T14:45:27.885763" elapsed="16.103485"/>
</kw>
<status status="PASS" start="2024-11-21T14:44:38.474380" elapsed="65.515867"/>
</test>
<status status="PASS" start="2024-11-21T14:44:38.411516" elapsed="65.580726"/>
</suite>
<suite id="s1-s1-s3-s2" name="Login Campo Senha E Email Vazio" source="C:\Users\Iza Wicki\OneDrive\Documentos\Testes_Frontend_Robot\tests\login\login_campo_senha_e_email_vazio.robot">
<test id="s1-s1-s3-s2-t1" name="Cenario de teste: Login com os campos e-mail e senha vazios" line="11">
<kw name="Abrir o navegador" owner="login_campo_senha_e_email_vazio" type="SETUP">
<kw name="Open Browser" owner="SeleniumLibrary">
<msg time="2024-11-21T14:45:44.248070" level="INFO">Opening browser 'chrome' to base url 'None'.</msg>
<arg>browser=chrome</arg>
<doc>Opens a new browser instance to the optional ``url``.</doc>
<status status="PASS" start="2024-11-21T14:45:44.248070" elapsed="4.770991"/>
</kw>
<kw name="Maximize Browser Window" owner="SeleniumLibrary">
<doc>Maximizes current browser window.</doc>
<status status="PASS" start="2024-11-21T14:45:49.019061" elapsed="0.338054"/>
</kw>
<status status="PASS" start="2024-11-21T14:45:44.245078" elapsed="5.112037"/>
</kw>
<kw name="Abrir o navegador" owner="login_campo_senha_e_email_vazio">
<kw name="Open Browser" owner="SeleniumLibrary">
<msg time="2024-11-21T14:45:49.364162" level="INFO">Opening browser 'chrome' to base url 'None'.</msg>
<arg>browser=chrome</arg>
<doc>Opens a new browser instance to the optional ``url``.</doc>
<status status="PASS" start="2024-11-21T14:45:49.364162" elapsed="6.302098"/>
</kw>
<kw name="Maximize Browser Window" owner="SeleniumLibrary">
<doc>Maximizes current browser window.</doc>
<status status="PASS" start="2024-11-21T14:45:55.667257" elapsed="0.264477"/>
</kw>
<status status="PASS" start="2024-11-21T14:45:49.363163" elapsed="6.569088"/>
</kw>
<kw name="Passo 1 - Acessar a pagina de login" owner="login_campo_senha_e_email_vazio">
<kw name="Go To" owner="SeleniumLibrary">
<msg time="2024-11-21T14:45:55.937231" level="INFO">Opening url 'https://automacao.qacoders.dev.br/'</msg>
<arg>url=${urlBase}</arg>
<doc>Navigates the current browser window to the provided ``url``.</doc>
<status status="PASS" start="2024-11-21T14:45:55.937231" elapsed="2.700050"/>
</kw>
<status status="PASS" start="2024-11-21T14:45:55.936231" elapsed="2.702047"/>
</kw>
<kw name="Passo 2 - Deixar o campo email vazio" owner="login_campo_senha_e_email_vazio">
<kw name="Wait Until Element Is Visible" owner="SeleniumLibrary">
<arg>locator=${emailInput}</arg>
<doc>Waits until the element ``locator`` is visible.</doc>
<status status="PASS" start="2024-11-21T14:45:58.640275" elapsed="1.330023"/>
</kw>
<kw name="Input Text" owner="SeleniumLibrary">
<msg time="2024-11-21T14:45:59.971295" level="INFO">Typing text '' into text field 'id=email'.</msg>
<arg>locator=${emailInput}</arg>
<arg>text=${emailVazio}</arg>
<doc>Types the given ``text`` into the text field identified by ``locator``.</doc>
<status status="PASS" start="2024-11-21T14:45:59.970298" elapsed="5.814015"/>
</kw>
<status status="PASS" start="2024-11-21T14:45:58.639275" elapsed="7.145038"/>
</kw>
<kw name="Passo 3 - Deixar o campo senha vazio" owner="login_campo_senha_e_email_vazio">
<kw name="Wait Until Element Is Visible" owner="SeleniumLibrary">
<arg>locator=${senhaInput}</arg>
<doc>Waits until the element ``locator`` is visible.</doc>
<status status="PASS" start="2024-11-21T14:46:05.795310" elapsed="0.392964"/>
</kw>
<kw name="Input Password" owner="SeleniumLibrary">
<msg time="2024-11-21T14:46:06.189272" level="INFO">Typing password into text field 'id=password'.</msg>
<msg time="2024-11-21T14:46:06.858188" level="INFO">Temporally setting log level to: NONE</msg>
<arg>locator=${senhaInput}</arg>
<arg>password=${senhaVazio}</arg>
<doc>Types the given password into the text field identified by ``locator``.</doc>
<status status="PASS" start="2024-11-21T14:46:06.189272" elapsed="1.182942"/>
</kw>
<status status="PASS" start="2024-11-21T14:46:05.795310" elapsed="1.577901"/>
</kw>
<kw name="Passo 4 - clicar no botao entrar" owner="login_campo_senha_e_email_vazio">
<kw name="Wait Until Element Is Visible" owner="SeleniumLibrary">
<arg>locator=${botaoInput}</arg>
<doc>Waits until the element ``locator`` is visible.</doc>
<status status="PASS" start="2024-11-21T14:46:07.382188" elapsed="0.225944"/>
</kw>
<kw name="Click Button" owner="SeleniumLibrary">
<msg time="2024-11-21T14:46:07.609131" level="INFO">Clicking button 'id=login'.</msg>
<arg>locator=${botaoInput}</arg>
<doc>Clicks the button identified by ``locator``.</doc>
<status status="PASS" start="2024-11-21T14:46:07.609131" elapsed="1.406007"/>
</kw>
<kw name="Sleep" owner="BuiltIn">
<msg time="2024-11-21T14:46:14.015228" level="INFO">Slept 5 seconds.</msg>
<arg>5</arg>
<doc>Pauses the test executed for the given time.</doc>
<status status="PASS" start="2024-11-21T14:46:09.015138" elapsed="5.000090"/>
</kw>
<status status="PASS" start="2024-11-21T14:46:07.381190" elapsed="6.634038"/>
</kw>
<kw name="Passo 5 -verificar mensagem de erro" owner="login_campo_senha_e_email_vazio">
<kw name="Wait Until Element Is Visible" owner="SeleniumLibrary">
<arg>${mensagemError}</arg>
<doc>Waits until the element ``locator`` is visible.</doc>
<status status="PASS" start="2024-11-21T14:46:14.022210" elapsed="0.426371"/>
</kw>
<kw name="Sleep" owner="BuiltIn">
<msg time="2024-11-21T14:46:19.449904" level="INFO">Slept 5 seconds.</msg>
<arg>5</arg>
<doc>Pauses the test executed for the given time.</doc>
<status status="PASS" start="2024-11-21T14:46:14.449579" elapsed="5.000325"/>
</kw>
<status status="PASS" start="2024-11-21T14:46:14.022210" elapsed="5.427694"/>
</kw>
<kw name="Fechar o navegador" owner="login_campo_senha_e_email_vazio">
<kw name="Close Browser" owner="SeleniumLibrary">
<doc>Closes the current browser.</doc>
<status status="PASS" start="2024-11-21T14:46:19.451428" elapsed="2.974669"/>
</kw>
[...]
</kw>
<kw name="Sleep" owner="BuiltIn">
<msg time="2024-11-21T14:58:55.231539" level="INFO">Slept 10 seconds.</msg>
<arg>10</arg>
<doc>Pauses the test executed for the given time.</doc>
<status status="PASS" start="2024-11-21T14:58:45.231023" elapsed="10.000516"/>
</kw>
<status status="PASS" start="2024-11-21T14:58:41.161921" elapsed="14.069618"/>
</kw>
<kw name="Passo 5 - Acessar Tela de Cadastro de Usuários" owner="editar_cadastro_user_email_e_senha_validos">
<kw name="Wait Until Element Is Visible" owner="SeleniumLibrary">
<arg>${CADASTROS_BUTTON}</arg>
<arg>timeout=30</arg>
<doc>Waits until the element ``locator`` is visible.</doc>
<status status="PASS" start="2024-11-21T14:58:55.245006" elapsed="0.434838"/>
</kw>
<kw name="Click Element" owner="SeleniumLibrary">
<msg time="2024-11-21T14:58:55.680841" level="INFO">Clicking element '//*[@id="Cadastros"]/span'.</msg>
<arg>${CADASTROS_BUTTON}</arg>
<doc>Click the element identified by ``locator``.</doc>
<status status="PASS" start="2024-11-21T14:58:55.679844" elapsed="2.587390"/>
</kw>
<kw name="Click Element" owner="SeleniumLibrary">
<msg time="2024-11-21T14:58:58.268231" level="INFO">Clicking element '//*[@id="Usuários"]/span'.</msg>
<arg>${USUARIOS_BUTTON}</arg>
<doc>Click the element identified by ``locator``.</doc>
<status status="PASS" start="2024-11-21T14:58:58.267234" elapsed="1.364668"/>
</kw>
<kw name="Wait Until Element Is Visible" owner="SeleniumLibrary">
<arg>id=edit</arg>
<arg>timeout=30</arg>
<doc>Waits until the element ``locator`` is visible.</doc>
<status status="PASS" start="2024-11-21T14:58:59.631902" elapsed="0.513212"/>
</kw>
<kw name="Click Element" owner="SeleniumLibrary">
<msg time="2024-11-21T14:59:00.146113" level="INFO">Clicking element 'id=edit'.</msg>
<arg>id=edit</arg>
<doc>Click the element identified by ``locator``.</doc>
<status status="PASS" start="2024-11-21T14:59:00.146113" elapsed="0.201893"/>
</kw>
<status status="PASS" start="2024-11-21T14:58:55.244008" elapsed="5.103998"/>
</kw>
<kw name="Passo 6 - Editar Nome e Email Válidos" owner="editar_cadastro_user_email_e_senha_validos">
<kw name="Input Text" owner="SeleniumLibrary">
<msg time="2024-11-21T14:59:00.349992" level="INFO">Typing text 'Nome Completo Cadastrado' into text field 'id=fullName'.</msg>
<arg>${FULL_NAME_FIELD}</arg>
<arg>${NEW_FULL_NAME}</arg>
<doc>Types the given ``text`` into the text field identified by ``locator``.</doc>
<status status="PASS" start="2024-11-21T14:59:00.348994" elapsed="0.782850"/>
</kw>
<kw name="Input Text" owner="SeleniumLibrary">
<msg time="2024-11-21T14:59:01.133837" level="INFO">Typing text 'sysadmintestetdshvsvsd' into text field 'id=mail'.</msg>
<arg>${EMAIL_FIELD}</arg>
<arg>${NEW_EMAIL}</arg>
<doc>Types the given ``text`` into the text field identified by ``locator``.</doc>
<status status="PASS" start="2024-11-21T14:59:01.132845" elapsed="0.650657"/>
</kw>
<status status="PASS" start="2024-11-21T14:59:00.348994" elapsed="1.435506"/>
</kw>
<kw name="Passo 7 - Clicar no Botão Salvar Alterações" owner="editar_cadastro_user_email_e_senha_validos">
<kw name="Click Button" owner="SeleniumLibrary">
<msg time="2024-11-21T14:59:01.787493" level="INFO">Clicking button 'id=save'.</msg>
<arg>${SAVE_BUTTON}</arg>
<doc>Clicks the button identified by ``locator``.</doc>
<status status="PASS" start="2024-11-21T14:59:01.785496" elapsed="0.262761"/>
</kw>
<status status="PASS" start="2024-11-21T14:59:01.785496" elapsed="0.263759"/>
</kw>
<kw name="Fechar o navegador" owner="editar_cadastro_user_email_e_senha_validos" type="TEARDOWN">
<kw name="Close Browser" owner="SeleniumLibrary">
<doc>Closes the current browser.</doc>
<status status="PASS" start="2024-11-21T14:59:02.053244" elapsed="5.958755"/>
</kw>
<status status="PASS" start="2024-11-21T14:59:02.053244" elapsed="5.958755"/>
</kw>
<status status="PASS" start="2024-11-21T14:58:17.969974" elapsed="50.075021"/>
</test>
<status status="PASS" start="2024-11-21T14:58:17.932055" elapsed="50.114988"/>
</suite>
<suite id="s1-s1-s5-s2" name="Editar Nome E Email Vazios" source="C:\Users\Iza Wicki\OneDrive\Documentos\Testes_Frontend_Robot\tests\usuario\editar_nome_e_email_vazios.robot">
<test id="s1-s1-s5-s2-t1" name="Cenario de teste: Editar cadastro não preenchendo nenhum dos campos e clicar no botão &quot;Cancelar&quot;" line="6">
<kw name="Abrir o navegador" owner="editar_nome_e_email_vazio" type="SETUP">
<kw name="Open Browser" owner="SeleniumLibrary">
<msg time="2024-11-21T14:59:08.504400" level="INFO">Opening browser 'chrome' to base url 'None'.</msg>
<arg>browser=chrome</arg>
<doc>Opens a new browser instance to the optional ``url``.</doc>
<status status="PASS" start="2024-11-21T14:59:08.503403" elapsed="7.675775"/>
</kw>
<kw name="Maximize Browser Window" owner="SeleniumLibrary">
<doc>Maximizes current browser window.</doc>
<status status="PASS" start="2024-11-21T14:59:16.179178" elapsed="0.269971"/>
</kw>
<status status="PASS" start="2024-11-21T14:59:08.502407" elapsed="7.946742"/>
</kw>
<kw name="Passo 1 - Acessar a pagina de login" owner="editar_nome_e_email_vazio">
<kw name="Open Browser" owner="SeleniumLibrary">
<msg time="2024-11-21T14:59:16.453137" level="INFO">Opening browser 'chrome' to base url 'None'.</msg>
<arg>browser=chrome</arg>
<doc>Opens a new browser instance to the optional ``url``.</doc>
<status status="PASS" start="2024-11-21T14:59:16.453137" elapsed="80.721463"/>
</kw>
<kw name="Maximize Browser Window" owner="SeleniumLibrary">
<doc>Maximizes current browser window.</doc>
<status status="PASS" start="2024-11-21T15:00:37.175597" elapsed="5.922158"/>
</kw>
<kw name="Go To" owner="SeleniumLibrary">
<msg time="2024-11-21T15:00:43.098750" level="INFO">Opening url 'https://automacao.qacoders.dev.br/'</msg>
<arg>url=${urlBase}</arg>
<doc>Navigates the current browser window to the provided ``url``.</doc>
<status status="PASS" start="2024-11-21T15:00:43.097755" elapsed="6.250816"/>
</kw>
<status status="PASS" start="2024-11-21T14:59:16.452141" elapsed="92.896430"/>
</kw>
<kw name="Passo 2 - Digitar um e-mail válido" owner="editar_nome_e_email_vazio">
<kw name="Wait Until Element Is Visible" owner="SeleniumLibrary">
<arg>locator=${emailInput}</arg>
<doc>Waits until the element ``locator`` is visible.</doc>
<status status="PASS" start="2024-11-21T15:00:49.474591" elapsed="3.389945"/>
</kw>
<kw name="Input Text" owner="SeleniumLibrary">
<msg time="2024-11-21T15:00:52.865532" level="INFO">Typing text 'sysadmin@qacoders.com' into text field 'id=email'.</msg>
<arg>locator=${emailInput}</arg>
<arg>text=${emailValido}</arg>
<doc>Types the given ``text`` into the text field identified by ``locator``.</doc>
<status status="PASS" start="2024-11-21T15:00:52.864536" elapsed="11.443744"/>
</kw>
<kw name="Sleep" owner="BuiltIn">
<msg time="2024-11-21T15:01:05.311134" level="INFO">Slept 1 second.</msg>
<arg>1</arg>
<doc>Pauses the test executed for the given time.</doc>
<status status="PASS" start="2024-11-21T15:01:04.309255" elapsed="1.002879"/>
</kw>
<status status="PASS" start="2024-11-21T15:00:49.473593" elapsed="15.839535"/>
</kw>
<kw name="Passo 3 - Digitar uma senha valida" owner="editar_nome_e_email_vazio">
<kw name="Wait Until Element Is Visible" owner="SeleniumLibrary">
<arg>locator=${senhaInput}</arg>
<doc>Waits until the element ``locator`` is visible.</doc>
<status status="PASS" start="2024-11-21T15:01:05.342043" elapsed="1.048778"/>
</kw>
<kw name="Input Password" owner="SeleniumLibrary">
<msg time="2024-11-21T15:01:06.391818" level="INFO">Typing password into text field 'id=password'.</msg>
<msg time="2024-11-21T15:01:08.748316" level="INFO">Temporally setting log level to: NONE</msg>
<arg>locator=${senhaInput}</arg>
<arg>password=${senhaValida}</arg>
<doc>Types the given password into the text field identified by ``locator``.</doc>
<status status="PASS" start="2024-11-21T15:01:06.390821" elapsed="9.541569"/>
</kw>
<kw name="Sleep" owner="BuiltIn">
<msg time="2024-11-21T15:01:16.938733" level="INFO">Slept 1 second.</msg>
<arg>1</arg>
<doc>Pauses the test executed for the given time.</doc>
<status status="PASS" start="2024-11-21T15:01:15.936379" elapsed="1.003344"/>
</kw>
<status status="PASS" start="2024-11-21T15:01:05.342043" elapsed="11.598684"/>
</kw>
<kw name="Passo 4 - clicar no botao entrar" owner="editar_nome_e_email_vazio">
<kw name="Wait Until Element Is Visible" owner="SeleniumLibrary">
<arg>locator=${botaoInput}</arg>
<doc>Waits until the element ``locator`` is visible.</doc>
<status status="PASS" start="2024-11-21T15:01:17.131869" elapsed="8.061574"/>
</kw>
<kw name="Click Button" owner="SeleniumLibrary">
<msg time="2024-11-21T15:01:25.194437" level="INFO">Clicking button 'id=login'.</msg>
<msg time="2024-11-21T15:01:29.258575" level="WARN">Keyword 'Capture Page Screenshot' could not be run on failure: Message: disconnected: not connected to DevTools
  (failed to check if window was closed: disconnected: not connected to DevTools)
  (Session info: chrome=131.0.6778.86)
Stacktrace:
	GetHandleVerifier [0x00E633E3+25059]
	(No symbol) [0x00DECDE4]
	(No symbol) [0x00CCBEC3]
	(No symbol) [0x00CBC468]
	(No symbol) [0x00CBC389]
	(No symbol) [0x00CCE350]
	(No symbol) [0x00D4AE69]
	(No symbol) [0x00D31C96]
	(No symbol) [0x00D03FAC]
	(No symbol) [0x00D04F3D]
	GetHandleVerifier [0x01155543+3113795]
	GetHandleVerifier [0x0116A20A+3198986]
	GetHandleVerifier [0x011629E2+3168226]
	GetHandleVerifier [0x00F03250+680016]
	(No symbol) [0x00DF572D]
	(No symbol) [0x00DF29D8]
	(No symbol) [0x00DF2B75]
	(No symbol) [0x00DE57D0]
	BaseThreadInitThunk [0x765FFCC9+25]
	RtlGetAppContainerNamedObjectPath [0x76FB809E+286]
	RtlGetAppContainerNamedObjectPath [0x76FB806E+238]
</msg>
<msg time="2024-11-21T15:01:32.254483" level="FAIL">WebDriverException: Message: target frame detached
  (failed to check if window was closed: disconnected: Unable to receive message from renderer)
  (Session info: chrome=131.0.6778.86)
Stacktrace:
	GetHandleVerifier [0x00E633E3+25059]
	(No symbol) [0x00DECDE4]
	(No symbol) [0x00CCBD39]
	(No symbol) [0x00CBD440]
	(No symbol) [0x00CBB91B]
	(No symbol) [0x00CBBF8D]
	(No symbol) [0x00CC822A]
	(No symbol) [0x00CD7C18]
	(No symbol) [0x00D4B66B]
	(No symbol) [0x00D31C96]
	(No symbol) [0x00D03FAC]
	(No symbol) [0x00D04F3D]
	GetHandleVerifier [0x01155543+3113795]
	GetHandleVerifier [0x0116A20A+3198986]
	GetHandleVerifier [0x011629E2+3168226]
	GetHandleVerifier [0x00F03250+680016]
	(No symbol) [0x00DF572D]
	(No symbol) [0x00DF29D8]
	(No symbol) [0x00DF2B75]
	(No symbol) [0x00DE57D0]
	BaseThreadInitThunk [0x765FFCC9+25]
	RtlGetAppContainerNamedObjectPath [0x76FB809E+286]
	RtlGetAppContainerNamedObjectPath [0x76FB806E+238]
</msg>
<arg>locator=${botaoInput}</arg>
<doc>Clicks the button identified by ``locator``.</doc>
<status status="FAIL" start="2024-11-21T15:01:25.193443" elapsed="7.068048">WebDriverException: Message: target frame detached
  (failed to check if window was closed: disconnected: Unable to receive message from renderer)
  (Session info: chrome=131.0.6778.86)
Stacktrace:
	GetHandleVerifier [0x00E633E3+25059]
	(No symbol) [0x00DECDE4]
	(No symbol) [0x00CCBD39]
	(No symbol) [0x00CBD440]
	(No symbol) [0x00CBB91B]
	(No symbol) [0x00CBBF8D]
	(No symbol) [0x00CC822A]
	(No symbol) [0x00CD7C18]
	(No symbol) [0x00D4B66B]
	(No symbol) [0x00D31C96]
	(No symbol) [0x00D03FAC]
	(No symbol) [0x00D04F3D]
	GetHandleVerifier [0x01155543+3113795]
	GetHandleVerifier [0x0116A20A+3198986]
	GetHandleVerifier [0x011629E2+3168226]
	GetHandleVerifier [0x00F03250+680016]
	(No symbol) [0x00DF572D]
	(No symbol) [0x00DF29D8]
	(No symbol) [0x00DF2B75]
	(No symbol) [0x00DE57D0]
	BaseThreadInitThunk [0x765FFCC9+25]
	RtlGetAppContainerNamedObjectPath [0x76FB809E+286]
	RtlGetAppContainerNamedObjectPath [0x76FB806E+238]
</status>
</kw>
<kw name="Sleep" owner="BuiltIn">
<arg>1</arg>
<doc>Pauses the test executed for the given time.</doc>
<status status="NOT RUN" start="2024-11-21T15:01:32.261491" elapsed="0.000000"/>
</kw>
<status status="FAIL" start="2024-11-21T15:01:17.130872" elapsed="15.131616">WebDriverException: Message: target frame detached
  (failed to check if window was closed: disconnected: Unable to receive message from renderer)
  (Session info: chrome=131.0.6778.86)
Stacktrace:
	GetHandleVerifier [0x00E633E3+25059]
	(No symbol) [0x00DECDE4]
	(No symbol) [0x00CCBD39]
	(No symbol) [0x00CBD440]
	(No symbol) [0x00CBB91B]
	(No symbol) [0x00CBBF8D]
	(No symbol) [0x00CC822A]
	(No symbol) [0x00CD7C18]
	(No symbol) [0x00D4B66B]
	(No symbol) [0x00D31C96]
	(No symbol) [0x00D03FAC]
	(No symbol) [0x00D04F3D]
	GetHandleVerifier [0x01155543+3113795]
	GetHandleVerifier [0x0116A20A+3198986]
	GetHandleVerifier [0x011629E2+3168226]
	GetHandleVerifier [0x00F03250+680016]
	(No symbol) [0x00DF572D]
	(No symbol) [0x00DF29D8]
	(No symbol) [0x00DF2B75]
	(No symbol) [0x00DE57D0]
	BaseThreadInitThunk [0x765FFCC9+25]
	RtlGetAppContainerNamedObjectPath [0x76FB809E+286]
	RtlGetAppContainerNamedObjectPath [0x76FB806E+238]
</status>
</kw>
<kw name="Passo 5 - Acessar Tela de Cadastro de Usuários" owner="editar_nome_e_email_vazio">
<status status="NOT RUN" start="2024-11-21T15:01:33.191524" elapsed="0.000997"/>
</kw>
<kw name="Passo 6 - Nao preencher Nome Completo e E-mail Vazios" owner="editar_nome_e_email_vazio">
<status status="NOT RUN" start="2024-11-21T15:01:33.713128" elapsed="0.000000"/>
</kw>
<kw name="Passo 7 - Clicar no Botão Cancelar" owner="editar_nome_e_email_vazio">
<status status="NOT RUN" start="2024-11-21T15:01:34.457668" elapsed="0.000000"/>
</kw>
<kw name="Fechar o navegador" owner="editar_nome_e_email_vazio" type="TEARDOWN">
<kw name="Close Browser" owner="SeleniumLibrary">
<doc>Closes the current browser.</doc>
<status status="PASS" start="2024-11-21T15:01:34.704009" elapsed="25.516045"/>
</kw>
<status status="PASS" start="2024-11-21T15:01:34.703012" elapsed="25.517042"/>
</kw>
<status status="FAIL" start="2024-11-21T14:59:08.452540" elapsed="171.768514">WebDriverException: Message: target frame detached
  (failed to check if window was closed: disconnected: Unable to receive message from renderer)
  (Session info: chrome=131.0.6778.86)
Stacktrace:
	GetHandleVerifier [0x00E633E3+25059]
	(No symbol) [0x00DECDE4]
	(No symbol) [0x00CCBD39]
	(No symbol) [0x00CBD440]
	(No symbol) [0x00CBB91B]
	(No symbol) [0x00CBBF8D]
	(No symbol) [0x00CC822A]
	(No symbol) [0x00CD7C18]
	(No symbol) [0x00D4B66B]
	(No symbol) [0x00D31C96]
	(No symbol) [0x00D03FAC]
	(No symbol) [0x00D04F3D]
	GetHandleVerifier [0x01155543+3113795]
	GetHandleVerifier [0x0116A20A+3198986]
	GetHandleVerifier [0x011629E2+3168226]
	GetHandleVerifier [0x00F03250+680016]
	(No symbol) [0x00DF572D]
	(No symbol) [0x00DF29D8]
	(No symbol) [0x00DF2B75]
	(No symbol) [0x00DE57D0]
	BaseThreadInitThunk [0x765FFCC9+25]
	RtlGetAppContainerNamedObjectPath [0x76FB809E+286]
	RtlGetAppContainerNamedObjectPath [0x76FB806E+238]
</status>
</test>
<status status="FAIL" start="2024-11-21T14:59:08.052015" elapsed="172.177015"/>
</suite>
<status status="FAIL" start="2024-11-21T14:58:17.921733" elapsed="222.322257"/>
</suite>
<status status="FAIL" start="2024-11-21T14:37:20.173871" elapsed="1480.075115"/>
</suite>
<status status="FAIL" start="2024-11-21T14:37:20.007779" elapsed="1480.249177"/>
</suite>
<statistics>
<total>
<stat pass="16" fail="1" skip="0">All Tests</stat>
</total>
<tag>
</tag>
<suite>
<stat pass="16" fail="1" skip="0" id="s1" name="Testes Frontend Robot">Testes Frontend Robot</stat>
<stat pass="16" fail="1" skip="0" id="s1-s1" name="Tests">Testes Frontend Robot.Tests</stat>
<stat pass="3" fail="0" skip="0" id="s1-s1-s1" name="Cadastro Empresa">Testes Frontend Robot.Tests.Cadastro Empresa</stat>
<stat pass="1" fail="0" skip="0" id="s1-s1-s1-s1" name="Acesso Tela Cadastro Empresa">Testes Frontend Robot.Tests.Cadastro Empresa.Acesso Tela Cadastro Empresa</stat>
<stat pass="1" fail="0" skip="0" id="s1-s1-s1-s2" name="Acesso Tela Cadastro Usuario">Testes Frontend Robot.Tests.Cadastro Empresa.Acesso Tela Cadastro Usuario</stat>
<stat pass="1" fail="0" skip="0" id="s1-s1-s1-s3" name="Edicao Dados Empresa">Testes Frontend Robot.Tests.Cadastro Empresa.Edicao Dados Empresa</stat>
<stat pass="4" fail="0" skip="0" id="s1-s1-s2" name="Email">Testes Frontend Robot.Tests.Email</stat>
<stat pass="1" fail="0" skip="0" id="s1-s1-s2-s1" name="Edicao Email">Testes Frontend Robot.Tests.Email.Edicao Email</stat>
<stat pass="1" fail="0" skip="0" id="s1-s1-s2-s2" name="Editar Email Com Espacos">Testes Frontend Robot.Tests.Email.Editar Email Com Espacos</stat>
<stat pass="1" fail="0" skip="0" id="s1-s1-s2-s3" name="Editar Email Com Formato .Com.Br">Testes Frontend Robot.Tests.Email.Editar Email Com Formato .Com.Br</stat>
<stat pass="1" fail="0" skip="0" id="s1-s1-s2-s4" name="Editar Email Sem @">Testes Frontend Robot.Tests.Email.Editar Email Sem @</stat>
<stat pass="4" fail="0" skip="0" id="s1-s1-s3" name="Login">Testes Frontend Robot.Tests.Login</stat>
<stat pass="1" fail="0" skip="0" id="s1-s1-s3-s1" name="Login Campo Senha E Email Validos">Testes Frontend Robot.Tests.Login.Login Campo Senha E Email Validos</stat>
<stat pass="1" fail="0" skip="0" id="s1-s1-s3-s2" name="Login Campo Senha E Email Vazio">Testes Frontend Robot.Tests.Login.Login Campo Senha E Email Vazio</stat>
<stat pass="1" fail="0" skip="0" id="s1-s1-s3-s3" name="Login Email Invalido">Testes Frontend Robot.Tests.Login.Login Email Invalido</stat>
<stat pass="1" fail="0" skip="0" id="s1-s1-s3-s4" name="Login Senha Incorreta">Testes Frontend Robot.Tests.Login.Login Senha Incorreta</stat>
<stat pass="4" fail="0" skip="0" id="s1-s1-s4" name="Nome-Usuario">Testes Frontend Robot.Tests.Nome-Usuario</stat>
<stat pass="1" fail="0" skip="0" id="s1-s1-s4-s1" name="Edicao Nome Completo">Testes Frontend Robot.Tests.Nome-Usuario.Edicao Nome Completo</stat>
<stat pass="1" fail="0" skip="0" id="s1-s1-s4-s2" name="Editar Campo Nome Vazio">Testes Frontend Robot.Tests.Nome-Usuario.Editar Campo Nome Vazio</stat>
<stat pass="1" fail="0" skip="0" id="s1-s1-s4-s3" name="Editar Nome Com Caracteres Invalidos Numeros">Testes Frontend Robot.Tests.Nome-Usuario.Editar Nome Com Caracteres Invalidos Numeros</stat>
<stat pass="1" fail="0" skip="0" id="s1-s1-s4-s4" name="Editar Nome Sem Sobrenome">Testes Frontend Robot.Tests.Nome-Usuario.Editar Nome Sem Sobrenome</stat>
<stat pass="1" fail="1" skip="0" id="s1-s1-s5" name="Usuario">Testes Frontend Robot.Tests.Usuario</stat>
<stat pass="1" fail="0" skip="0" id="s1-s1-s5-s1" name="Editar Cadastro User Email E Senha Validos">Testes Frontend Robot.Tests.Usuario.Editar Cadastro User Email E Senha Validos</stat>
<stat pass="0" fail="1" skip="0" id="s1-s1-s5-s2" name="Editar Nome E Email Vazios">Testes Frontend Robot.Tests.Usuario.Editar Nome E Email Vazios</stat>
</suite>
</statistics>
<errors>
<msg time="2024-11-21T14:51:13.720387" level="ERROR">A mensagem de erro 'O campo nome completo é obrigatório' não foi exibida como esperado. Isso pode indicar um bug no sistema.</msg>
<msg time="2024-11-21T15:01:29.258575" level="WARN">Keyword 'Capture Page Screenshot' could not be run on failure: Message: disconnected: not connected to DevTools
  (failed to check if window was closed: disconnected: not connected to DevTools)
  (Session info: chrome=131.0.6778.86)
Stacktrace:
	GetHandleVerifier [0x00E633E3+25059]
	(No symbol) [0x00DECDE4]
	(No symbol) [0x00CCBEC3]
	(No symbol) [0x00CBC468]
	(No symbol) [0x00CBC389]
	(No symbol) [0x00CCE350]
	(No symbol) [0x00D4AE69]
	(No symbol) [0x00D31C96]
	(No symbol) [0x00D03FAC]
	(No symbol) [0x00D04F3D]
	GetHandleVerifier [0x01155543+3113795]
	GetHandleVerifier [0x0116A20A+3198986]
	GetHandleVerifier [0x011629E2+3168226]
	GetHandleVerifier [0x00F03250+680016]
	(No symbol) [0x00DF572D]
	(No symbol) [0x00DF29D8]
	(No symbol) [0x00DF2B75]
	(No symbol) [0x00DE57D0]
	BaseThreadInitThunk [0x765FFCC9+25]
	RtlGetAppContainerNamedObjectPath [0x76FB809E+286]
	RtlGetAppContainerNamedObjectPath [0x76FB806E+238]
</msg>
</errors>
</robot>
